24.04.2023 21:43:59 - [WARNING] - executor.py:154 : Source layer buildings_db6b84da_aee5_49b5_8b63_55e9feb1aa52 has 800 items
24.04.2023 21:43:59 - [WARNING] - executor.py:154 : Source layer roads_03d0609c_eb09_412b_9a07_963d11d2acee has 1284 items
24.04.2023 21:43:59 - [WARNING] - executor.py:261 : Running algorithm native:extractbyattribute with parameters: {'INPUT': <QgsVectorLayer: 'Roads' (ogr)>, 'FIELD': 'type', 'OPERATOR': 0, 'VALUE': 'highway', 'OUTPUT': 'memory:'}
24.04.2023 21:44:25 - [WARNING] - executor.py:154 : Source layer buildings_db6b84da_aee5_49b5_8b63_55e9feb1aa52 has 800 items
24.04.2023 21:44:25 - [WARNING] - executor.py:154 : Source layer roads_03d0609c_eb09_412b_9a07_963d11d2acee has 1284 items
24.04.2023 21:44:25 - [WARNING] - executor.py:261 : Running algorithm native:extractbyattribute with parameters: {'INPUT': <QgsVectorLayer: 'Roads' (ogr)>, 'FIELD': 'type', 'OPERATOR': 0, 'VALUE': 'highway', 'OUTPUT': 'memory:'}
24.04.2023 21:44:58 - [WARNING] - executor.py:154 : Source layer buildings_db6b84da_aee5_49b5_8b63_55e9feb1aa52 has 800 items
24.04.2023 21:44:58 - [WARNING] - executor.py:154 : Source layer roads_03d0609c_eb09_412b_9a07_963d11d2acee has 1284 items
24.04.2023 21:44:58 - [WARNING] - executor.py:261 : Running algorithm native:extractbyattribute with parameters: {'INPUT': <QgsVectorLayer: 'Roads' (ogr)>, 'FIELD': 'type', 'OPERATOR': 0, 'VALUE': 'highway', 'OUTPUT': 'memory:'}
24.04.2023 21:44:58 - [WARNING] - executor.py:261 : Running algorithm native:buffer with parameters: {'INPUT': <QgsVectorLayer: 'output' (memory)>, 'OUTPUT': 'memory:'}
24.04.2023 21:44:58 - [WARNING] - executor.py:261 : Running algorithm native:intersection with parameters: {'INPUT': <QgsVectorLayer: 'Buildings' (ogr)>, 'OVERLAY': <QgsVectorLayer: 'output' (memory)>, 'INPUT_FIELDS': [], 'OVERLAY_FIELDS': [], 'OVERLAY_FIELDS_PREFIX': '', 'OUTPUT': 'memory:'}
24.04.2023 21:48:22 - [WARNING] - executor.py:154 : Source layer buildings_db6b84da_aee5_49b5_8b63_55e9feb1aa52 has 800 items
24.04.2023 21:48:22 - [WARNING] - executor.py:154 : Source layer roads_03d0609c_eb09_412b_9a07_963d11d2acee has 1284 items
24.04.2023 21:48:22 - [WARNING] - executor.py:261 : Running algorithm native:extractbyattribute with parameters: {'INPUT': <QgsVectorLayer: 'Roads' (ogr)>, 'FIELD': 'type', 'OPERATOR': 0, 'VALUE': 'highway', 'OUTPUT': 'memory:'}
24.04.2023 21:48:22 - [WARNING] - executor.py:261 : Running algorithm native:buffer with parameters: {'INPUT': <QgsVectorLayer: 'output' (memory)>, 'OUTPUT': 'memory:'}
24.04.2023 21:48:22 - [WARNING] - executor.py:261 : Running algorithm native:intersection with parameters: {'INPUT': <QgsVectorLayer: 'Buildings' (ogr)>, 'OVERLAY': <QgsVectorLayer: 'output' (memory)>, 'INPUT_FIELDS': [], 'OVERLAY_FIELDS': [], 'OVERLAY_FIELDS_PREFIX': '', 'OUTPUT': 'memory:'}
24.04.2023 21:48:58 - [WARNING] - executor.py:154 : Source layer buildings_db6b84da_aee5_49b5_8b63_55e9feb1aa52 has 800 items
24.04.2023 21:48:58 - [WARNING] - executor.py:154 : Source layer roads_03d0609c_eb09_412b_9a07_963d11d2acee has 1284 items
24.04.2023 21:48:58 - [WARNING] - executor.py:261 : Running algorithm native:extractbyattribute with parameters: {'INPUT': <QgsVectorLayer: 'Roads' (ogr)>, 'FIELD': 'type', 'OPERATOR': 0, 'VALUE': 'highway', 'OUTPUT': 'memory:'}
24.04.2023 21:48:58 - [WARNING] - executor.py:261 : Running algorithm native:buffer with parameters: {'INPUT': <QgsVectorLayer: 'output' (memory)>, 'OUTPUT': 'memory:'}
24.04.2023 21:48:58 - [WARNING] - executor.py:261 : Running algorithm native:intersection with parameters: {'INPUT': <QgsVectorLayer: 'Buildings' (ogr)>, 'OVERLAY': <QgsVectorLayer: 'output' (memory)>, 'INPUT_FIELDS': [], 'OVERLAY_FIELDS': [], 'OVERLAY_FIELDS_PREFIX': '', 'OUTPUT': 'memory:'}
24.04.2023 21:49:10 - [WARNING] - executor.py:154 : Source layer buildings_db6b84da_aee5_49b5_8b63_55e9feb1aa52 has 800 items
24.04.2023 21:49:10 - [WARNING] - executor.py:154 : Source layer roads_03d0609c_eb09_412b_9a07_963d11d2acee has 1284 items
24.04.2023 21:49:10 - [WARNING] - executor.py:261 : Running algorithm native:extractbyattribute with parameters: {'INPUT': <QgsVectorLayer: 'Roads' (ogr)>, 'FIELD': 'type', 'OPERATOR': 0, 'VALUE': 'highway', 'OUTPUT': 'memory:'}
24.04.2023 21:49:10 - [WARNING] - executor.py:261 : Running algorithm native:buffer with parameters: {'INPUT': <QgsVectorLayer: 'output' (memory)>, 'OUTPUT': 'memory:'}
24.04.2023 21:49:10 - [WARNING] - executor.py:261 : Running algorithm native:intersection with parameters: {'INPUT': <QgsVectorLayer: 'Buildings' (ogr)>, 'OVERLAY': <QgsVectorLayer: 'output' (memory)>, 'INPUT_FIELDS': [], 'OVERLAY_FIELDS': [], 'OVERLAY_FIELDS_PREFIX': '', 'OUTPUT': 'memory:'}
24.04.2023 21:49:43 - [WARNING] - executor.py:154 : Source layer buildings_db6b84da_aee5_49b5_8b63_55e9feb1aa52 has 800 items
24.04.2023 21:49:43 - [WARNING] - executor.py:154 : Source layer roads_03d0609c_eb09_412b_9a07_963d11d2acee has 1284 items
24.04.2023 21:49:43 - [WARNING] - executor.py:261 : Running algorithm native:extractbyattribute with parameters: {'INPUT': <QgsVectorLayer: 'Roads' (ogr)>, 'FIELD': 'type', 'OPERATOR': 0, 'VALUE': 'highway', 'OUTPUT': 'memory:'}
24.04.2023 21:49:43 - [WARNING] - executor.py:261 : Running algorithm native:buffer with parameters: {'INPUT': <QgsVectorLayer: 'output' (memory)>, 'OUTPUT': 'memory:'}
24.04.2023 21:49:43 - [WARNING] - executor.py:261 : Running algorithm native:intersection with parameters: {'INPUT': <QgsVectorLayer: 'Buildings' (ogr)>, 'OVERLAY': <QgsVectorLayer: 'output' (memory)>, 'INPUT_FIELDS': [], 'OVERLAY_FIELDS': [], 'OVERLAY_FIELDS_PREFIX': '', 'OUTPUT': 'memory:'}
24.04.2023 21:50:49 - [WARNING] - executor.py:154 : Source layer buildings_db6b84da_aee5_49b5_8b63_55e9feb1aa52 has 800 items
24.04.2023 21:50:49 - [WARNING] - executor.py:154 : Source layer roads_03d0609c_eb09_412b_9a07_963d11d2acee has 1284 items
24.04.2023 21:50:49 - [WARNING] - executor.py:261 : Running algorithm native:extractbyattribute with parameters: {'INPUT': <QgsVectorLayer: 'Roads' (ogr)>, 'FIELD': 'type', 'OPERATOR': 0, 'VALUE': 'highway', 'OUTPUT': 'memory:'}
24.04.2023 21:50:49 - [WARNING] - executor.py:261 : Running algorithm native:buffer with parameters: {'INPUT': <QgsVectorLayer: 'output' (memory)>, 'OUTPUT': 'memory:'}
24.04.2023 21:50:49 - [WARNING] - executor.py:261 : Running algorithm native:intersection with parameters: {'INPUT': <QgsVectorLayer: 'Buildings' (ogr)>, 'OVERLAY': <QgsVectorLayer: 'output' (memory)>, 'INPUT_FIELDS': [], 'OVERLAY_FIELDS': [], 'OVERLAY_FIELDS_PREFIX': '', 'OUTPUT': 'memory:'}
24.04.2023 21:51:15 - [WARNING] - executor.py:154 : Source layer buildings_db6b84da_aee5_49b5_8b63_55e9feb1aa52 has 800 items
24.04.2023 21:51:15 - [WARNING] - executor.py:154 : Source layer roads_03d0609c_eb09_412b_9a07_963d11d2acee has 1284 items
24.04.2023 21:51:15 - [WARNING] - executor.py:261 : Running algorithm native:extractbyattribute with parameters: {'INPUT': <QgsVectorLayer: 'Roads' (ogr)>, 'FIELD': 'type', 'OPERATOR': 0, 'VALUE': 'highway', 'OUTPUT': 'memory:'}
24.04.2023 21:51:15 - [WARNING] - executor.py:261 : Running algorithm native:buffer with parameters: {'INPUT': <QgsVectorLayer: 'output' (memory)>, 'OUTPUT': 'memory:'}
24.04.2023 21:51:15 - [WARNING] - executor.py:261 : Running algorithm native:intersection with parameters: {'INPUT': <QgsVectorLayer: 'Buildings' (ogr)>, 'OVERLAY': <QgsVectorLayer: 'output' (memory)>, 'INPUT_FIELDS': [], 'OVERLAY_FIELDS': [], 'OVERLAY_FIELDS_PREFIX': '', 'OUTPUT': 'memory:'}
24.04.2023 21:51:35 - [WARNING] - executor.py:154 : Source layer buildings_db6b84da_aee5_49b5_8b63_55e9feb1aa52 has 800 items
24.04.2023 21:51:35 - [WARNING] - executor.py:154 : Source layer roads_03d0609c_eb09_412b_9a07_963d11d2acee has 1284 items
24.04.2023 21:51:35 - [WARNING] - executor.py:261 : Running algorithm native:extractbyattribute with parameters: {'INPUT': <QgsVectorLayer: 'Roads' (ogr)>, 'FIELD': 'type', 'OPERATOR': 0, 'VALUE': 'highway', 'OUTPUT': 'memory:'}
24.04.2023 21:51:35 - [WARNING] - executor.py:261 : Running algorithm native:buffer with parameters: {'INPUT': <QgsVectorLayer: 'output' (memory)>, 'OUTPUT': 'memory:'}
24.04.2023 21:51:35 - [WARNING] - executor.py:261 : Running algorithm native:intersection with parameters: {'INPUT': <QgsVectorLayer: 'Buildings' (ogr)>, 'OVERLAY': <QgsVectorLayer: 'output' (memory)>, 'INPUT_FIELDS': [], 'OVERLAY_FIELDS': [], 'OVERLAY_FIELDS_PREFIX': '', 'OUTPUT': 'memory:'}
24.04.2023 21:51:58 - [WARNING] - executor.py:154 : Source layer buildings_db6b84da_aee5_49b5_8b63_55e9feb1aa52 has 800 items
24.04.2023 21:51:58 - [WARNING] - executor.py:154 : Source layer roads_03d0609c_eb09_412b_9a07_963d11d2acee has 1284 items
24.04.2023 21:51:58 - [WARNING] - executor.py:261 : Running algorithm native:extractbyattribute with parameters: {'INPUT': <QgsVectorLayer: 'Roads' (ogr)>, 'FIELD': 'type', 'OPERATOR': 0, 'VALUE': 'highway', 'OUTPUT': 'memory:'}
24.04.2023 21:51:58 - [WARNING] - executor.py:261 : Running algorithm native:buffer with parameters: {'INPUT': <QgsVectorLayer: 'output' (memory)>, 'OUTPUT': 'memory:'}
24.04.2023 21:51:58 - [WARNING] - executor.py:261 : Running algorithm native:intersection with parameters: {'INPUT': <QgsVectorLayer: 'Buildings' (ogr)>, 'OVERLAY': <QgsVectorLayer: 'output' (memory)>, 'INPUT_FIELDS': [], 'OVERLAY_FIELDS': [], 'OVERLAY_FIELDS_PREFIX': '', 'OUTPUT': 'memory:'}
24.04.2023 21:53:36 - [WARNING] - executor.py:154 : Source layer buildings_db6b84da_aee5_49b5_8b63_55e9feb1aa52 has 800 items
24.04.2023 21:53:36 - [WARNING] - executor.py:154 : Source layer roads_03d0609c_eb09_412b_9a07_963d11d2acee has 1284 items
24.04.2023 21:53:36 - [WARNING] - executor.py:261 : Running algorithm native:extractbyattribute with parameters: {'INPUT': <QgsVectorLayer: 'Roads' (ogr)>, 'FIELD': 'type', 'OPERATOR': 0, 'VALUE': 'highway', 'OUTPUT': 'memory:'}
24.04.2023 21:53:36 - [WARNING] - executor.py:261 : Running algorithm native:buffer with parameters: {'INPUT': <QgsVectorLayer: 'output' (memory)>, 'OUTPUT': 'memory:'}
24.04.2023 21:53:36 - [WARNING] - executor.py:261 : Running algorithm native:intersection with parameters: {'INPUT': <QgsVectorLayer: 'Buildings' (ogr)>, 'OVERLAY': <QgsVectorLayer: 'output' (memory)>, 'INPUT_FIELDS': [], 'OVERLAY_FIELDS': [], 'OVERLAY_FIELDS_PREFIX': '', 'OUTPUT': 'memory:'}
24.04.2023 21:53:50 - [WARNING] - executor.py:154 : Source layer buildings_db6b84da_aee5_49b5_8b63_55e9feb1aa52 has 800 items
24.04.2023 21:53:50 - [WARNING] - executor.py:154 : Source layer roads_03d0609c_eb09_412b_9a07_963d11d2acee has 1284 items
24.04.2023 21:53:50 - [WARNING] - executor.py:261 : Running algorithm native:extractbyattribute with parameters: {'INPUT': <QgsVectorLayer: 'Roads' (ogr)>, 'FIELD': 'type', 'OPERATOR': 0, 'VALUE': 'highway', 'OUTPUT': 'memory:'}
24.04.2023 21:53:50 - [WARNING] - executor.py:261 : Running algorithm native:buffer with parameters: {'INPUT': <QgsVectorLayer: 'output' (memory)>, 'OUTPUT': 'memory:'}
24.04.2023 21:53:50 - [WARNING] - executor.py:261 : Running algorithm native:intersection with parameters: {'INPUT': <QgsVectorLayer: 'Buildings' (ogr)>, 'OVERLAY': <QgsVectorLayer: 'output' (memory)>, 'INPUT_FIELDS': [], 'OVERLAY_FIELDS': [], 'OVERLAY_FIELDS_PREFIX': '', 'OUTPUT': 'memory:'}
24.04.2023 21:56:06 - [WARNING] - executor.py:154 : Source layer buildings_db6b84da_aee5_49b5_8b63_55e9feb1aa52 has 800 items
24.04.2023 21:56:06 - [WARNING] - executor.py:154 : Source layer roads_03d0609c_eb09_412b_9a07_963d11d2acee has 1284 items
24.04.2023 21:56:06 - [WARNING] - executor.py:261 : Running algorithm native:extractbyattribute with parameters: {'INPUT': <QgsVectorLayer: 'Roads' (ogr)>, 'FIELD': 'type', 'OPERATOR': 0, 'VALUE': 'highway', 'OUTPUT': 'memory:'}
24.04.2023 21:56:06 - [WARNING] - executor.py:261 : Running algorithm native:buffer with parameters: {'INPUT': <QgsVectorLayer: 'output' (memory)>, 'OUTPUT': 'memory:'}
24.04.2023 21:56:06 - [WARNING] - executor.py:261 : Running algorithm native:intersection with parameters: {'INPUT': <QgsVectorLayer: 'Buildings' (ogr)>, 'OVERLAY': <QgsVectorLayer: 'output' (memory)>, 'INPUT_FIELDS': [], 'OVERLAY_FIELDS': [], 'OVERLAY_FIELDS_PREFIX': '', 'OUTPUT': 'memory:'}
24.04.2023 22:05:24 - [WARNING] - executor.py:154 : Source layer buildings_db6b84da_aee5_49b5_8b63_55e9feb1aa52 has 800 items
24.04.2023 22:05:24 - [WARNING] - executor.py:154 : Source layer roads_03d0609c_eb09_412b_9a07_963d11d2acee has 1284 items
24.04.2023 22:05:24 - [WARNING] - executor.py:261 : Running algorithm native:extractbyattribute with parameters: {'INPUT': <QgsVectorLayer: 'Roads' (ogr)>, 'FIELD': 'type', 'OPERATOR': 0, 'VALUE': 'highway', 'OUTPUT': 'memory:'}
24.04.2023 22:05:24 - [WARNING] - executor.py:261 : Running algorithm native:buffer with parameters: {'INPUT': <QgsVectorLayer: 'output' (memory)>, 'OUTPUT': 'memory:'}
24.04.2023 22:05:24 - [WARNING] - executor.py:261 : Running algorithm native:intersection with parameters: {'INPUT': <QgsVectorLayer: 'Buildings' (ogr)>, 'OVERLAY': <QgsVectorLayer: 'output' (memory)>, 'INPUT_FIELDS': [], 'OVERLAY_FIELDS': [], 'OVERLAY_FIELDS_PREFIX': '', 'OUTPUT': 'memory:'}
24.04.2023 22:05:53 - [WARNING] - executor.py:154 : Source layer buildings_db6b84da_aee5_49b5_8b63_55e9feb1aa52 has 800 items
24.04.2023 22:05:53 - [WARNING] - executor.py:154 : Source layer roads_03d0609c_eb09_412b_9a07_963d11d2acee has 1284 items
24.04.2023 22:05:53 - [WARNING] - executor.py:261 : Running algorithm native:extractbyattribute with parameters: {'INPUT': <QgsVectorLayer: 'Roads' (ogr)>, 'FIELD': 'type', 'OPERATOR': 0, 'VALUE': 'highway', 'OUTPUT': 'memory:'}
24.04.2023 22:05:53 - [WARNING] - executor.py:261 : Running algorithm native:buffer with parameters: {'INPUT': <QgsVectorLayer: 'output' (memory)>, 'OUTPUT': 'memory:'}
24.04.2023 22:05:53 - [WARNING] - executor.py:261 : Running algorithm native:intersection with parameters: {'INPUT': <QgsVectorLayer: 'Buildings' (ogr)>, 'OVERLAY': <QgsVectorLayer: 'output' (memory)>, 'INPUT_FIELDS': [], 'OVERLAY_FIELDS': [], 'OVERLAY_FIELDS_PREFIX': '', 'OUTPUT': 'memory:'}
24.04.2023 22:07:13 - [WARNING] - executor.py:154 : Source layer roads_03d0609c_eb09_412b_9a07_963d11d2acee has 1284 items
24.04.2023 22:07:13 - [WARNING] - executor.py:261 : Running algorithm native:extractbyattribute with parameters: {'INPUT': <QgsVectorLayer: 'Roads' (ogr)>, 'FIELD': 'type', 'OPERATOR': 0, 'VALUE': 'highway', 'OUTPUT': 'memory:'}
24.04.2023 22:07:13 - [WARNING] - executor.py:261 : Running algorithm native:buffer with parameters: {'INPUT': <QgsVectorLayer: 'output' (memory)>, 'OUTPUT': 'memory:'}
24.04.2023 22:07:35 - [WARNING] - executor.py:154 : Source layer roads_03d0609c_eb09_412b_9a07_963d11d2acee has 1284 items
24.04.2023 22:07:35 - [WARNING] - executor.py:261 : Running algorithm native:extractbyattribute with parameters: {'INPUT': <QgsVectorLayer: 'Roads' (ogr)>, 'FIELD': 'type', 'OPERATOR': 0, 'VALUE': 'highway', 'OUTPUT': 'memory:'}
24.04.2023 22:07:38 - [WARNING] - executor.py:154 : Source layer roads_03d0609c_eb09_412b_9a07_963d11d2acee has 1284 items
24.04.2023 22:07:41 - [WARNING] - executor.py:154 : Source layer roads_03d0609c_eb09_412b_9a07_963d11d2acee has 1284 items
24.04.2023 22:07:41 - [WARNING] - executor.py:261 : Running algorithm native:extractbyattribute with parameters: {'INPUT': <QgsVectorLayer: 'Roads' (ogr)>, 'FIELD': 'type', 'OPERATOR': 0, 'VALUE': 'highway', 'OUTPUT': 'memory:'}
24.04.2023 22:07:52 - [WARNING] - executor.py:154 : Source layer roads_03d0609c_eb09_412b_9a07_963d11d2acee has 1284 items
24.04.2023 22:07:52 - [WARNING] - executor.py:261 : Running algorithm native:extractbyattribute with parameters: {'INPUT': <QgsVectorLayer: 'Roads' (ogr)>, 'FIELD': 'type', 'OPERATOR': 0, 'VALUE': 'highway', 'OUTPUT': 'memory:'}
24.04.2023 22:07:55 - [WARNING] - executor.py:154 : Source layer roads_03d0609c_eb09_412b_9a07_963d11d2acee has 1284 items
24.04.2023 22:07:55 - [WARNING] - executor.py:261 : Running algorithm native:extractbyattribute with parameters: {'INPUT': <QgsVectorLayer: 'Roads' (ogr)>, 'FIELD': 'type', 'OPERATOR': 0, 'VALUE': 'highway', 'OUTPUT': 'memory:'}
24.04.2023 22:11:29 - [WARNING] - executor.py:154 : Source layer buildings_db6b84da_aee5_49b5_8b63_55e9feb1aa52 has 800 items
24.04.2023 22:11:29 - [WARNING] - executor.py:154 : Source layer roads_03d0609c_eb09_412b_9a07_963d11d2acee has 1284 items
24.04.2023 22:11:29 - [WARNING] - executor.py:261 : Running algorithm native:extractbyattribute with parameters: {'INPUT': <QgsVectorLayer: 'Roads' (ogr)>, 'FIELD': 'type', 'OPERATOR': 0, 'VALUE': 'cycleway', 'OUTPUT': 'memory:'}
24.04.2023 22:11:29 - [WARNING] - executor.py:261 : Running algorithm native:buffer with parameters: {'INPUT': <QgsVectorLayer: 'output' (memory)>, 'OUTPUT': 'memory:'}
24.04.2023 22:11:29 - [WARNING] - executor.py:261 : Running algorithm native:intersection with parameters: {'INPUT': <QgsVectorLayer: 'Buildings' (ogr)>, 'OVERLAY': <QgsVectorLayer: 'output' (memory)>, 'INPUT_FIELDS': [], 'OVERLAY_FIELDS': [], 'OVERLAY_FIELDS_PREFIX': '', 'OUTPUT': 'memory:'}
24.04.2023 22:11:57 - [WARNING] - executor.py:154 : Source layer buildings_db6b84da_aee5_49b5_8b63_55e9feb1aa52 has 800 items
24.04.2023 22:11:57 - [WARNING] - executor.py:154 : Source layer roads_03d0609c_eb09_412b_9a07_963d11d2acee has 1284 items
24.04.2023 22:11:57 - [WARNING] - executor.py:261 : Running algorithm native:extractbyattribute with parameters: {'INPUT': <QgsVectorLayer: 'Roads' (ogr)>, 'FIELD': 'type', 'OPERATOR': 0, 'VALUE': 'cycleway', 'OUTPUT': 'memory:'}
24.04.2023 22:11:57 - [WARNING] - executor.py:261 : Running algorithm native:buffer with parameters: {'INPUT': <QgsVectorLayer: 'output' (memory)>, 'OUTPUT': 'memory:'}
24.04.2023 22:11:57 - [WARNING] - executor.py:261 : Running algorithm native:intersection with parameters: {'INPUT': <QgsVectorLayer: 'Buildings' (ogr)>, 'OVERLAY': <QgsVectorLayer: 'output' (memory)>, 'INPUT_FIELDS': [], 'OVERLAY_FIELDS': [], 'OVERLAY_FIELDS_PREFIX': '', 'OUTPUT': 'memory:'}
24.04.2023 22:13:06 - [WARNING] - executor.py:154 : Source layer buildings_db6b84da_aee5_49b5_8b63_55e9feb1aa52 has 800 items
24.04.2023 22:13:06 - [WARNING] - executor.py:154 : Source layer roads_03d0609c_eb09_412b_9a07_963d11d2acee has 1284 items
24.04.2023 22:13:06 - [WARNING] - executor.py:261 : Running algorithm native:extractbyattribute with parameters: {'INPUT': <QgsVectorLayer: 'Roads' (ogr)>, 'FIELD': 'type', 'OPERATOR': 0, 'VALUE': 'cycleway', 'OUTPUT': 'memory:'}
24.04.2023 22:13:06 - [WARNING] - executor.py:261 : Running algorithm native:buffer with parameters: {'INPUT': <QgsVectorLayer: 'output' (memory)>, 'OUTPUT': 'memory:'}
24.04.2023 22:13:06 - [WARNING] - executor.py:261 : Running algorithm native:intersection with parameters: {'INPUT': <QgsVectorLayer: 'Buildings' (ogr)>, 'OVERLAY': <QgsVectorLayer: 'output' (memory)>, 'INPUT_FIELDS': [], 'OVERLAY_FIELDS': [], 'OVERLAY_FIELDS_PREFIX': '', 'OUTPUT': 'memory:'}
24.04.2023 22:13:15 - [WARNING] - executor.py:154 : Source layer buildings_db6b84da_aee5_49b5_8b63_55e9feb1aa52 has 800 items
24.04.2023 22:13:15 - [WARNING] - executor.py:154 : Source layer roads_03d0609c_eb09_412b_9a07_963d11d2acee has 1284 items
24.04.2023 22:13:15 - [WARNING] - executor.py:261 : Running algorithm native:extractbyattribute with parameters: {'INPUT': <QgsVectorLayer: 'Roads' (ogr)>, 'FIELD': 'type', 'OPERATOR': 0, 'VALUE': 'cycleway', 'OUTPUT': 'memory:'}
24.04.2023 22:13:15 - [WARNING] - executor.py:261 : Running algorithm native:buffer with parameters: {'INPUT': <QgsVectorLayer: 'output' (memory)>, 'OUTPUT': 'memory:'}
24.04.2023 22:13:15 - [WARNING] - executor.py:261 : Running algorithm native:intersection with parameters: {'INPUT': <QgsVectorLayer: 'Buildings' (ogr)>, 'OVERLAY': <QgsVectorLayer: 'output' (memory)>, 'INPUT_FIELDS': [], 'OVERLAY_FIELDS': [], 'OVERLAY_FIELDS_PREFIX': '', 'OUTPUT': 'memory:'}
24.04.2023 22:16:32 - [WARNING] - executor.py:154 : Source layer buildings_db6b84da_aee5_49b5_8b63_55e9feb1aa52 has 800 items
24.04.2023 22:16:32 - [WARNING] - executor.py:154 : Source layer roads_03d0609c_eb09_412b_9a07_963d11d2acee has 1284 items
24.04.2023 22:16:32 - [WARNING] - executor.py:262 : Running algorithm native:extractbyattribute with parameters: {'INPUT': <QgsVectorLayer: 'Roads' (ogr)>, 'FIELD': 'type', 'OPERATOR': 0, 'VALUE': 'cycleway', 'OUTPUT': 'memory:'}
24.04.2023 22:16:32 - [WARNING] - executor.py:262 : Running algorithm native:buffer with parameters: {'INPUT': <QgsVectorLayer: 'output' (memory)>, 'OUTPUT': 'memory:', 'DISTANCE': 500, 'SEGMENTS': 5, 'END_CAP_STYLE': 0, 'JOIN_STYLE': 0, 'MITER_LIMIT': 2, 'DISSOLVE': False}
24.04.2023 22:16:32 - [WARNING] - executor.py:262 : Running algorithm native:intersection with parameters: {'INPUT': <QgsVectorLayer: 'Buildings' (ogr)>, 'OVERLAY': <QgsVectorLayer: 'output' (memory)>, 'INPUT_FIELDS': [], 'OVERLAY_FIELDS': [], 'OVERLAY_FIELDS_PREFIX': '', 'OUTPUT': 'memory:'}
24.04.2023 22:16:41 - [WARNING] - executor.py:154 : Source layer buildings_db6b84da_aee5_49b5_8b63_55e9feb1aa52 has 800 items
24.04.2023 22:16:41 - [WARNING] - executor.py:154 : Source layer roads_03d0609c_eb09_412b_9a07_963d11d2acee has 1284 items
24.04.2023 22:16:41 - [WARNING] - executor.py:262 : Running algorithm native:extractbyattribute with parameters: {'INPUT': <QgsVectorLayer: 'Roads' (ogr)>, 'FIELD': 'type', 'OPERATOR': 0, 'VALUE': 'cycleway', 'OUTPUT': 'memory:'}
24.04.2023 22:16:41 - [WARNING] - executor.py:262 : Running algorithm native:buffer with parameters: {'INPUT': <QgsVectorLayer: 'output' (memory)>, 'OUTPUT': 'memory:', 'DISTANCE': 500, 'SEGMENTS': 5, 'END_CAP_STYLE': 0, 'JOIN_STYLE': 0, 'MITER_LIMIT': 2, 'DISSOLVE': False}
24.04.2023 22:16:41 - [WARNING] - executor.py:262 : Running algorithm native:intersection with parameters: {'INPUT': <QgsVectorLayer: 'Buildings' (ogr)>, 'OVERLAY': <QgsVectorLayer: 'output' (memory)>, 'INPUT_FIELDS': [], 'OVERLAY_FIELDS': [], 'OVERLAY_FIELDS_PREFIX': '', 'OUTPUT': 'memory:'}
24.04.2023 22:17:13 - [WARNING] - executor.py:154 : Source layer buildings_db6b84da_aee5_49b5_8b63_55e9feb1aa52 has 800 items
24.04.2023 22:17:13 - [WARNING] - executor.py:154 : Source layer roads_03d0609c_eb09_412b_9a07_963d11d2acee has 1284 items
24.04.2023 22:17:13 - [WARNING] - executor.py:262 : Running algorithm native:extractbyattribute with parameters: {'INPUT': <QgsVectorLayer: 'Roads' (ogr)>, 'FIELD': 'type', 'OPERATOR': 0, 'VALUE': 'cycleway', 'OUTPUT': 'memory:'}
24.04.2023 22:17:13 - [WARNING] - executor.py:262 : Running algorithm native:buffer with parameters: {'INPUT': <QgsVectorLayer: 'output' (memory)>, 'OUTPUT': 'memory:', 'DISTANCE': 500, 'SEGMENTS': 5, 'END_CAP_STYLE': 0, 'JOIN_STYLE': 0, 'MITER_LIMIT': 2, 'DISSOLVE': False}
24.04.2023 22:17:13 - [WARNING] - executor.py:262 : Running algorithm native:intersection with parameters: {'INPUT': <QgsVectorLayer: 'Buildings' (ogr)>, 'OVERLAY': <QgsVectorLayer: 'output' (memory)>, 'INPUT_FIELDS': [], 'OVERLAY_FIELDS': [], 'OVERLAY_FIELDS_PREFIX': '', 'OUTPUT': 'memory:'}
24.04.2023 22:17:22 - [WARNING] - executor.py:154 : Source layer buildings_db6b84da_aee5_49b5_8b63_55e9feb1aa52 has 800 items
24.04.2023 22:17:22 - [WARNING] - executor.py:154 : Source layer roads_03d0609c_eb09_412b_9a07_963d11d2acee has 1284 items
24.04.2023 22:17:22 - [WARNING] - executor.py:262 : Running algorithm native:extractbyattribute with parameters: {'INPUT': <QgsVectorLayer: 'Roads' (ogr)>, 'FIELD': 'type', 'OPERATOR': 0, 'VALUE': 'cycleway', 'OUTPUT': 'memory:'}
24.04.2023 22:17:22 - [WARNING] - executor.py:262 : Running algorithm native:buffer with parameters: {'INPUT': <QgsVectorLayer: 'output' (memory)>, 'OUTPUT': 'memory:', 'DISTANCE': 500, 'SEGMENTS': 5, 'END_CAP_STYLE': 0, 'JOIN_STYLE': 0, 'MITER_LIMIT': 2, 'DISSOLVE': False}
24.04.2023 22:17:22 - [WARNING] - executor.py:262 : Running algorithm native:intersection with parameters: {'INPUT': <QgsVectorLayer: 'Buildings' (ogr)>, 'OVERLAY': <QgsVectorLayer: 'output' (memory)>, 'INPUT_FIELDS': [], 'OVERLAY_FIELDS': [], 'OVERLAY_FIELDS_PREFIX': '', 'OUTPUT': 'memory:'}
24.04.2023 22:18:26 - [WARNING] - executor.py:154 : Source layer roads_03d0609c_eb09_412b_9a07_963d11d2acee has 1284 items
24.04.2023 22:18:26 - [WARNING] - executor.py:262 : Running algorithm native:extractbyattribute with parameters: {'INPUT': <QgsVectorLayer: 'Roads' (ogr)>, 'FIELD': 'type', 'OPERATOR': 0, 'VALUE': 'cycleway', 'OUTPUT': 'memory:'}
24.04.2023 22:27:42 - [WARNING] - executor.py:154 : Source layer roads_03d0609c_eb09_412b_9a07_963d11d2acee has 1284 items
24.04.2023 22:27:42 - [WARNING] - executor.py:262 : Running algorithm native:extractbyattribute with parameters: {'INPUT': <QgsVectorLayer: 'Roads' (ogr)>, 'FIELD': 'type', 'OPERATOR': 0, 'VALUE': 'cycleway', 'OUTPUT': 'memory:'}
24.04.2023 22:27:42 - [WARNING] - executor.py:262 : Running algorithm native:buffer with parameters: {'INPUT': <QgsVectorLayer: 'output' (memory)>, 'OUTPUT': 'memory:', 'DISTANCE': 500, 'SEGMENTS': 5, 'END_CAP_STYLE': 0, 'JOIN_STYLE': 0, 'MITER_LIMIT': 2, 'DISSOLVE': False}
24.04.2023 22:27:46 - [WARNING] - executor.py:154 : Source layer buildings_db6b84da_aee5_49b5_8b63_55e9feb1aa52 has 800 items
24.04.2023 22:28:04 - [WARNING] - executor.py:154 : Source layer buildings_db6b84da_aee5_49b5_8b63_55e9feb1aa52 has 800 items
24.04.2023 22:28:04 - [WARNING] - executor.py:154 : Source layer roads_03d0609c_eb09_412b_9a07_963d11d2acee has 1284 items
24.04.2023 22:28:04 - [WARNING] - executor.py:262 : Running algorithm native:extractbyattribute with parameters: {'INPUT': <QgsVectorLayer: 'Roads' (ogr)>, 'FIELD': 'type', 'OPERATOR': 0, 'VALUE': 'cycleway', 'OUTPUT': 'memory:'}
24.04.2023 22:28:04 - [WARNING] - executor.py:262 : Running algorithm native:buffer with parameters: {'INPUT': <QgsVectorLayer: 'output' (memory)>, 'OUTPUT': 'memory:', 'DISTANCE': 500, 'SEGMENTS': 5, 'END_CAP_STYLE': 0, 'JOIN_STYLE': 0, 'MITER_LIMIT': 2, 'DISSOLVE': False}
24.04.2023 22:28:04 - [WARNING] - executor.py:262 : Running algorithm native:intersection with parameters: {'INPUT': <QgsVectorLayer: 'Buildings' (ogr)>, 'OVERLAY': <QgsVectorLayer: 'output' (memory)>, 'INPUT_FIELDS': [], 'OVERLAY_FIELDS': [], 'OVERLAY_FIELDS_PREFIX': '', 'OUTPUT': 'memory:'}
25.04.2023 10:12:15 - [WARNING] - executor.py:154 : Source layer buildings_db6b84da_aee5_49b5_8b63_55e9feb1aa52 has 800 items
25.04.2023 10:12:15 - [WARNING] - executor.py:154 : Source layer roads_03d0609c_eb09_412b_9a07_963d11d2acee has 1284 items
25.04.2023 10:12:15 - [WARNING] - executor.py:262 : Running algorithm native:extractbyattribute with parameters: {'INPUT': <QgsVectorLayer: 'Roads' (ogr)>, 'FIELD': 'type', 'OPERATOR': 0, 'VALUE': 'cycleway', 'OUTPUT': 'memory:'}
25.04.2023 10:12:15 - [WARNING] - executor.py:262 : Running algorithm native:buffer with parameters: {'INPUT': <QgsVectorLayer: 'output' (memory)>, 'OUTPUT': 'memory:', 'DISTANCE': 500, 'SEGMENTS': 5, 'END_CAP_STYLE': 0, 'JOIN_STYLE': 0, 'MITER_LIMIT': 2, 'DISSOLVE': False}
25.04.2023 10:12:15 - [WARNING] - executor.py:262 : Running algorithm native:intersection with parameters: {'INPUT': <QgsVectorLayer: 'Buildings' (ogr)>, 'OVERLAY': <QgsVectorLayer: 'output' (memory)>, 'INPUT_FIELDS': [], 'OVERLAY_FIELDS': [], 'OVERLAY_FIELDS_PREFIX': '', 'OUTPUT': 'memory:'}
25.04.2023 10:12:23 - [WARNING] - executor.py:154 : Source layer buildings_db6b84da_aee5_49b5_8b63_55e9feb1aa52 has 800 items
25.04.2023 10:12:23 - [WARNING] - executor.py:154 : Source layer roads_03d0609c_eb09_412b_9a07_963d11d2acee has 1284 items
25.04.2023 10:12:23 - [WARNING] - executor.py:262 : Running algorithm native:extractbyattribute with parameters: {'INPUT': <QgsVectorLayer: 'Roads' (ogr)>, 'FIELD': 'type', 'OPERATOR': 0, 'VALUE': 'cycleway', 'OUTPUT': 'memory:'}
25.04.2023 10:12:23 - [WARNING] - executor.py:262 : Running algorithm native:buffer with parameters: {'INPUT': <QgsVectorLayer: 'output' (memory)>, 'OUTPUT': 'memory:', 'DISTANCE': 500, 'SEGMENTS': 5, 'END_CAP_STYLE': 0, 'JOIN_STYLE': 0, 'MITER_LIMIT': 2, 'DISSOLVE': False}
25.04.2023 10:12:23 - [WARNING] - executor.py:262 : Running algorithm native:intersection with parameters: {'INPUT': <QgsVectorLayer: 'Buildings' (ogr)>, 'OVERLAY': <QgsVectorLayer: 'output' (memory)>, 'INPUT_FIELDS': [], 'OVERLAY_FIELDS': [], 'OVERLAY_FIELDS_PREFIX': '', 'OUTPUT': 'memory:'}
25.04.2023 10:25:51 - [WARNING] - executor.py:154 : Source layer buildings_db6b84da_aee5_49b5_8b63_55e9feb1aa52 has 800 items
25.04.2023 10:25:51 - [WARNING] - executor.py:154 : Source layer roads_03d0609c_eb09_412b_9a07_963d11d2acee has 1284 items
25.04.2023 10:25:51 - [WARNING] - executor.py:264 : Running algorithm native:extractbyattribute with parameters: {'INPUT': <QgsVectorLayer: 'Roads' (ogr)>, 'FIELD': 'type', 'OPERATOR': 0, 'VALUE': 'cycleway', 'OUTPUT': 'memory:'}
25.04.2023 10:25:51 - [WARNING] - executor.py:184 : Filter went from 1284 to 105 features
25.04.2023 10:25:51 - [WARNING] - executor.py:264 : Running algorithm native:buffer with parameters: {'INPUT': <QgsVectorLayer: 'output' (memory)>, 'OUTPUT': 'memory:', 'DISTANCE': 500, 'SEGMENTS': 5, 'END_CAP_STYLE': 0, 'JOIN_STYLE': 0, 'MITER_LIMIT': 2, 'DISSOLVE': False}
25.04.2023 10:25:51 - [WARNING] - executor.py:264 : Running algorithm native:intersection with parameters: {'INPUT': <QgsVectorLayer: 'Buildings' (ogr)>, 'OVERLAY': <QgsVectorLayer: 'output' (memory)>, 'INPUT_FIELDS': [], 'OVERLAY_FIELDS': [], 'OVERLAY_FIELDS_PREFIX': '', 'OUTPUT': 'memory:'}
25.04.2023 10:25:55 - [WARNING] - executor.py:224 : Intersection went from 800 to 84000 features
25.04.2023 10:26:00 - [WARNING] - executor.py:154 : Source layer buildings_db6b84da_aee5_49b5_8b63_55e9feb1aa52 has 800 items
25.04.2023 10:26:00 - [WARNING] - executor.py:154 : Source layer roads_03d0609c_eb09_412b_9a07_963d11d2acee has 1284 items
25.04.2023 10:26:00 - [WARNING] - executor.py:264 : Running algorithm native:extractbyattribute with parameters: {'INPUT': <QgsVectorLayer: 'Roads' (ogr)>, 'FIELD': 'type', 'OPERATOR': 0, 'VALUE': 'cycleway', 'OUTPUT': 'memory:'}
25.04.2023 10:26:00 - [WARNING] - executor.py:184 : Filter went from 1284 to 105 features
25.04.2023 10:26:00 - [WARNING] - executor.py:264 : Running algorithm native:buffer with parameters: {'INPUT': <QgsVectorLayer: 'output' (memory)>, 'OUTPUT': 'memory:', 'DISTANCE': 500, 'SEGMENTS': 5, 'END_CAP_STYLE': 0, 'JOIN_STYLE': 0, 'MITER_LIMIT': 2, 'DISSOLVE': False}
25.04.2023 10:26:00 - [WARNING] - executor.py:264 : Running algorithm native:intersection with parameters: {'INPUT': <QgsVectorLayer: 'Buildings' (ogr)>, 'OVERLAY': <QgsVectorLayer: 'output' (memory)>, 'INPUT_FIELDS': [], 'OVERLAY_FIELDS': [], 'OVERLAY_FIELDS_PREFIX': '', 'OUTPUT': 'memory:'}
25.04.2023 10:26:03 - [WARNING] - executor.py:224 : Intersection went from 800 to 84000 features
25.04.2023 10:35:48 - [WARNING] - executor.py:154 : Source layer buildings_db6b84da_aee5_49b5_8b63_55e9feb1aa52 has 800 items
25.04.2023 10:35:49 - [WARNING] - executor.py:154 : Source layer roads_03d0609c_eb09_412b_9a07_963d11d2acee has 1284 items
25.04.2023 10:35:49 - [WARNING] - executor.py:264 : Running algorithm native:extractbyattribute with parameters: {'INPUT': <QgsVectorLayer: 'Roads' (ogr)>, 'FIELD': 'type', 'OPERATOR': 0, 'VALUE': 'cycleway', 'OUTPUT': 'memory:'}
25.04.2023 10:35:49 - [WARNING] - executor.py:184 : Filter went from 1284 to 105 features
25.04.2023 10:35:49 - [WARNING] - executor.py:264 : Running algorithm native:buffer with parameters: {'INPUT': <QgsVectorLayer: 'output' (memory)>, 'OUTPUT': 'memory:', 'DISTANCE': 500, 'SEGMENTS': 5, 'END_CAP_STYLE': 0, 'JOIN_STYLE': 0, 'MITER_LIMIT': 2, 'DISSOLVE': False}
25.04.2023 10:47:24 - [WARNING] - executor.py:154 : Source layer buildings_db6b84da_aee5_49b5_8b63_55e9feb1aa52 has 800 items
25.04.2023 10:47:24 - [WARNING] - executor.py:154 : Source layer roads_03d0609c_eb09_412b_9a07_963d11d2acee has 1284 items
25.04.2023 10:47:24 - [WARNING] - executor.py:264 : Running algorithm native:extractbyattribute with parameters: {'INPUT': <QgsVectorLayer: 'Roads' (ogr)>, 'FIELD': 'type', 'OPERATOR': 0, 'VALUE': 'cycleway', 'OUTPUT': 'memory:'}
25.04.2023 10:47:24 - [WARNING] - executor.py:184 : Filter went from 1284 to 105 features
25.04.2023 10:55:23 - [WARNING] - executor.py:155 : Source layer buildings_db6b84da_aee5_49b5_8b63_55e9feb1aa52 has 800 items
25.04.2023 10:55:23 - [WARNING] - executor.py:155 : Source layer roads_03d0609c_eb09_412b_9a07_963d11d2acee has 1284 items
25.04.2023 10:55:23 - [WARNING] - executor.py:282 : Running algorithm native:extractbyattribute with parameters: {'INPUT': <QgsVectorLayer: 'Roads' (ogr)>, 'FIELD': 'type', 'OPERATOR': 0, 'VALUE': 'cycleway', 'OUTPUT': 'memory:'}
25.04.2023 10:55:23 - [WARNING] - executor.py:185 : Filter went from 1284 to 105 features
25.04.2023 10:55:23 - [WARNING] - executor.py:192 : Cannot handle distance unit 6, reprojecting to SWEREF99TM, this will only make sense in Sweden
25.04.2023 10:55:23 - [WARNING] - executor.py:282 : Running algorithm native:reprojectlayer with parameters: {'INPUT': <QgsVectorLayer: 'output' (memory)>, 'TARGET_CRS': <QgsCoordinateReferenceSystem: EPSG:3006>, 'OPERATION': None, 'OUTPUT': 'memory:'}
25.04.2023 10:55:23 - [WARNING] - executor.py:282 : Running algorithm native:buffer with parameters: {'INPUT': {'OUTPUT': <QgsVectorLayer: 'output' (memory)>}, 'OUTPUT': 'memory:', 'DISTANCE': 500, 'SEGMENTS': 5, 'END_CAP_STYLE': 0, 'JOIN_STYLE': 0, 'MITER_LIMIT': 2, 'DISSOLVE': False}
25.04.2023 10:56:27 - [WARNING] - executor.py:155 : Source layer buildings_db6b84da_aee5_49b5_8b63_55e9feb1aa52 has 800 items
25.04.2023 10:56:27 - [WARNING] - executor.py:155 : Source layer roads_03d0609c_eb09_412b_9a07_963d11d2acee has 1284 items
25.04.2023 10:56:27 - [WARNING] - executor.py:282 : Running algorithm native:extractbyattribute with parameters: {'INPUT': <QgsVectorLayer: 'Roads' (ogr)>, 'FIELD': 'type', 'OPERATOR': 0, 'VALUE': 'cycleway', 'OUTPUT': 'memory:'}
25.04.2023 10:56:27 - [WARNING] - executor.py:185 : Filter went from 1284 to 105 features
25.04.2023 10:56:27 - [WARNING] - executor.py:192 : Cannot handle distance unit 6, reprojecting to SWEREF99TM, this will only make sense in Sweden
25.04.2023 10:56:27 - [WARNING] - executor.py:282 : Running algorithm native:reprojectlayer with parameters: {'INPUT': <QgsVectorLayer: 'output' (memory)>, 'TARGET_CRS': <QgsCoordinateReferenceSystem: EPSG:3006>, 'OPERATION': None, 'OUTPUT': 'memory:'}
25.04.2023 10:56:27 - [WARNING] - executor.py:282 : Running algorithm native:buffer with parameters: {'INPUT': <QgsVectorLayer: 'output' (memory)>, 'OUTPUT': 'memory:', 'DISTANCE': 500, 'SEGMENTS': 5, 'END_CAP_STYLE': 0, 'JOIN_STYLE': 0, 'MITER_LIMIT': 2, 'DISSOLVE': False}
25.04.2023 10:56:27 - [WARNING] - executor.py:282 : Running algorithm native:reprojectlayer with parameters: {'INPUT': {'OUTPUT': <QgsVectorLayer: 'output' (memory)>}, 'TARGET_CRS': <QgsCoordinateReferenceSystem: EPSG:4326>, 'OPERATION': None, 'OUTPUT': 'memory:'}
25.04.2023 10:57:02 - [WARNING] - executor.py:155 : Source layer buildings_db6b84da_aee5_49b5_8b63_55e9feb1aa52 has 800 items
25.04.2023 10:57:02 - [WARNING] - executor.py:155 : Source layer roads_03d0609c_eb09_412b_9a07_963d11d2acee has 1284 items
25.04.2023 10:57:02 - [WARNING] - executor.py:282 : Running algorithm native:extractbyattribute with parameters: {'INPUT': <QgsVectorLayer: 'Roads' (ogr)>, 'FIELD': 'type', 'OPERATOR': 0, 'VALUE': 'cycleway', 'OUTPUT': 'memory:'}
25.04.2023 10:57:02 - [WARNING] - executor.py:185 : Filter went from 1284 to 105 features
25.04.2023 10:57:02 - [WARNING] - executor.py:192 : Cannot handle distance unit 6, reprojecting to SWEREF99TM, this will only make sense in Sweden
25.04.2023 10:57:02 - [WARNING] - executor.py:282 : Running algorithm native:reprojectlayer with parameters: {'INPUT': <QgsVectorLayer: 'output' (memory)>, 'TARGET_CRS': <QgsCoordinateReferenceSystem: EPSG:3006>, 'OPERATION': None, 'OUTPUT': 'memory:'}
25.04.2023 10:57:02 - [WARNING] - executor.py:282 : Running algorithm native:buffer with parameters: {'INPUT': <QgsVectorLayer: 'output' (memory)>, 'OUTPUT': 'memory:', 'DISTANCE': 500, 'SEGMENTS': 5, 'END_CAP_STYLE': 0, 'JOIN_STYLE': 0, 'MITER_LIMIT': 2, 'DISSOLVE': False}
25.04.2023 10:57:02 - [WARNING] - executor.py:282 : Running algorithm native:reprojectlayer with parameters: {'INPUT': {'OUTPUT': <QgsVectorLayer: 'output' (memory)>}, 'TARGET_CRS': <QgsCoordinateReferenceSystem: EPSG:4326>, 'OPERATION': None, 'OUTPUT': 'memory:'}
25.04.2023 10:58:31 - [WARNING] - executor.py:155 : Source layer buildings_db6b84da_aee5_49b5_8b63_55e9feb1aa52 has 800 items
25.04.2023 10:58:31 - [WARNING] - executor.py:155 : Source layer roads_03d0609c_eb09_412b_9a07_963d11d2acee has 1284 items
25.04.2023 10:58:31 - [WARNING] - executor.py:282 : Running algorithm native:extractbyattribute with parameters: {'INPUT': <QgsVectorLayer: 'Roads' (ogr)>, 'FIELD': 'type', 'OPERATOR': 0, 'VALUE': 'cycleway', 'OUTPUT': 'memory:'}
25.04.2023 10:58:31 - [WARNING] - executor.py:185 : Filter went from 1284 to 105 features
25.04.2023 10:58:31 - [WARNING] - executor.py:192 : Cannot handle distance unit 6, reprojecting to SWEREF99TM, this will only make sense in Sweden
25.04.2023 10:58:31 - [WARNING] - executor.py:282 : Running algorithm native:reprojectlayer with parameters: {'INPUT': <QgsVectorLayer: 'output' (memory)>, 'TARGET_CRS': <QgsCoordinateReferenceSystem: EPSG:3006>, 'OPERATION': None, 'OUTPUT': 'memory:'}
25.04.2023 10:58:31 - [WARNING] - executor.py:282 : Running algorithm native:buffer with parameters: {'INPUT': <QgsVectorLayer: 'output' (memory)>, 'OUTPUT': 'memory:', 'DISTANCE': 500, 'SEGMENTS': 5, 'END_CAP_STYLE': 0, 'JOIN_STYLE': 0, 'MITER_LIMIT': 2, 'DISSOLVE': False}
25.04.2023 10:58:31 - [WARNING] - executor.py:282 : Running algorithm native:reprojectlayer with parameters: {'INPUT': <QgsVectorLayer: 'output' (memory)>, 'TARGET_CRS': <QgsCoordinateReferenceSystem: EPSG:4326>, 'OPERATION': None, 'OUTPUT': 'memory:'}
25.04.2023 10:58:31 - [WARNING] - executor.py:282 : Running algorithm native:intersection with parameters: {'INPUT': <QgsVectorLayer: 'Buildings' (ogr)>, 'OVERLAY': <QgsVectorLayer: 'output' (memory)>, 'INPUT_FIELDS': [], 'OVERLAY_FIELDS': [], 'OVERLAY_FIELDS_PREFIX': '', 'OUTPUT': 'memory:'}
25.04.2023 10:58:32 - [WARNING] - executor.py:242 : Intersection went from 800 to 14358 features
25.04.2023 10:59:33 - [WARNING] - executor.py:155 : Source layer buildings_db6b84da_aee5_49b5_8b63_55e9feb1aa52 has 800 items
25.04.2023 10:59:33 - [WARNING] - executor.py:155 : Source layer roads_03d0609c_eb09_412b_9a07_963d11d2acee has 1284 items
25.04.2023 10:59:33 - [WARNING] - executor.py:282 : Running algorithm native:extractbyattribute with parameters: {'INPUT': <QgsVectorLayer: 'Roads' (ogr)>, 'FIELD': 'type', 'OPERATOR': 0, 'VALUE': 'cycleway', 'OUTPUT': 'memory:'}
25.04.2023 10:59:33 - [WARNING] - executor.py:185 : Filter went from 1284 to 105 features
25.04.2023 10:59:33 - [WARNING] - executor.py:192 : Cannot handle distance unit 6, reprojecting to SWEREF99TM, this will only make sense in Sweden
25.04.2023 10:59:33 - [WARNING] - executor.py:282 : Running algorithm native:reprojectlayer with parameters: {'INPUT': <QgsVectorLayer: 'output' (memory)>, 'TARGET_CRS': <QgsCoordinateReferenceSystem: EPSG:3006>, 'OPERATION': None, 'OUTPUT': 'memory:'}
25.04.2023 10:59:33 - [WARNING] - executor.py:282 : Running algorithm native:buffer with parameters: {'INPUT': <QgsVectorLayer: 'output' (memory)>, 'OUTPUT': 'memory:', 'DISTANCE': 500, 'SEGMENTS': 5, 'END_CAP_STYLE': 0, 'JOIN_STYLE': 0, 'MITER_LIMIT': 2, 'DISSOLVE': True}
25.04.2023 10:59:34 - [WARNING] - executor.py:282 : Running algorithm native:reprojectlayer with parameters: {'INPUT': <QgsVectorLayer: 'output' (memory)>, 'TARGET_CRS': <QgsCoordinateReferenceSystem: EPSG:4326>, 'OPERATION': None, 'OUTPUT': 'memory:'}
25.04.2023 10:59:34 - [WARNING] - executor.py:282 : Running algorithm native:intersection with parameters: {'INPUT': <QgsVectorLayer: 'Buildings' (ogr)>, 'OVERLAY': <QgsVectorLayer: 'output' (memory)>, 'INPUT_FIELDS': [], 'OVERLAY_FIELDS': [], 'OVERLAY_FIELDS_PREFIX': '', 'OUTPUT': 'memory:'}
25.04.2023 10:59:34 - [WARNING] - executor.py:242 : Intersection went from 800 to 620 features
25.04.2023 11:00:00 - [WARNING] - executor.py:155 : Source layer buildings_db6b84da_aee5_49b5_8b63_55e9feb1aa52 has 800 items
25.04.2023 11:00:00 - [WARNING] - executor.py:155 : Source layer roads_03d0609c_eb09_412b_9a07_963d11d2acee has 1284 items
25.04.2023 11:00:00 - [WARNING] - executor.py:282 : Running algorithm native:extractbyattribute with parameters: {'INPUT': <QgsVectorLayer: 'Roads' (ogr)>, 'FIELD': 'type', 'OPERATOR': 0, 'VALUE': 'cycleway', 'OUTPUT': 'memory:'}
25.04.2023 11:00:00 - [WARNING] - executor.py:185 : Filter went from 1284 to 105 features
25.04.2023 11:00:00 - [WARNING] - executor.py:192 : Cannot handle distance unit 6, reprojecting to SWEREF99TM, this will only make sense in Sweden
25.04.2023 11:00:00 - [WARNING] - executor.py:282 : Running algorithm native:reprojectlayer with parameters: {'INPUT': <QgsVectorLayer: 'output' (memory)>, 'TARGET_CRS': <QgsCoordinateReferenceSystem: EPSG:3006>, 'OPERATION': None, 'OUTPUT': 'memory:'}
25.04.2023 11:00:00 - [WARNING] - executor.py:282 : Running algorithm native:buffer with parameters: {'INPUT': <QgsVectorLayer: 'output' (memory)>, 'OUTPUT': 'memory:', 'DISTANCE': 500, 'SEGMENTS': 5, 'END_CAP_STYLE': 0, 'JOIN_STYLE': 0, 'MITER_LIMIT': 2, 'DISSOLVE': False}
25.04.2023 11:00:00 - [WARNING] - executor.py:282 : Running algorithm native:reprojectlayer with parameters: {'INPUT': <QgsVectorLayer: 'output' (memory)>, 'TARGET_CRS': <QgsCoordinateReferenceSystem: EPSG:4326>, 'OPERATION': None, 'OUTPUT': 'memory:'}
25.04.2023 11:00:00 - [WARNING] - executor.py:282 : Running algorithm native:intersection with parameters: {'INPUT': <QgsVectorLayer: 'Buildings' (ogr)>, 'OVERLAY': <QgsVectorLayer: 'output' (memory)>, 'INPUT_FIELDS': [], 'OVERLAY_FIELDS': [], 'OVERLAY_FIELDS_PREFIX': '', 'OUTPUT': 'memory:'}
25.04.2023 11:00:01 - [WARNING] - executor.py:242 : Intersection went from 800 to 14358 features
25.04.2023 11:00:16 - [WARNING] - executor.py:155 : Source layer buildings_db6b84da_aee5_49b5_8b63_55e9feb1aa52 has 800 items
25.04.2023 11:00:16 - [WARNING] - executor.py:155 : Source layer roads_03d0609c_eb09_412b_9a07_963d11d2acee has 1284 items
25.04.2023 11:00:16 - [WARNING] - executor.py:282 : Running algorithm native:extractbyattribute with parameters: {'INPUT': <QgsVectorLayer: 'Roads' (ogr)>, 'FIELD': 'type', 'OPERATOR': 0, 'VALUE': 'cycleway', 'OUTPUT': 'memory:'}
25.04.2023 11:00:16 - [WARNING] - executor.py:185 : Filter went from 1284 to 105 features
25.04.2023 11:00:16 - [WARNING] - executor.py:192 : Cannot handle distance unit 6, reprojecting to SWEREF99TM, this will only make sense in Sweden
25.04.2023 11:00:16 - [WARNING] - executor.py:282 : Running algorithm native:reprojectlayer with parameters: {'INPUT': <QgsVectorLayer: 'output' (memory)>, 'TARGET_CRS': <QgsCoordinateReferenceSystem: EPSG:3006>, 'OPERATION': None, 'OUTPUT': 'memory:'}
25.04.2023 11:00:16 - [WARNING] - executor.py:282 : Running algorithm native:buffer with parameters: {'INPUT': <QgsVectorLayer: 'output' (memory)>, 'OUTPUT': 'memory:', 'DISTANCE': 500, 'SEGMENTS': 5, 'END_CAP_STYLE': 0, 'JOIN_STYLE': 0, 'MITER_LIMIT': 2, 'DISSOLVE': False}
25.04.2023 11:00:16 - [WARNING] - executor.py:282 : Running algorithm native:reprojectlayer with parameters: {'INPUT': <QgsVectorLayer: 'output' (memory)>, 'TARGET_CRS': <QgsCoordinateReferenceSystem: EPSG:4326>, 'OPERATION': None, 'OUTPUT': 'memory:'}
25.04.2023 11:00:16 - [WARNING] - executor.py:282 : Running algorithm native:intersection with parameters: {'INPUT': <QgsVectorLayer: 'Buildings' (ogr)>, 'OVERLAY': <QgsVectorLayer: 'output' (memory)>, 'INPUT_FIELDS': [], 'OVERLAY_FIELDS': [], 'OVERLAY_FIELDS_PREFIX': '', 'OUTPUT': 'memory:'}
25.04.2023 11:00:17 - [WARNING] - executor.py:242 : Intersection went from 800 to 14358 features
25.04.2023 11:00:21 - [WARNING] - executor.py:155 : Source layer buildings_db6b84da_aee5_49b5_8b63_55e9feb1aa52 has 800 items
25.04.2023 11:00:21 - [WARNING] - executor.py:155 : Source layer roads_03d0609c_eb09_412b_9a07_963d11d2acee has 1284 items
25.04.2023 11:00:21 - [WARNING] - executor.py:282 : Running algorithm native:extractbyattribute with parameters: {'INPUT': <QgsVectorLayer: 'Roads' (ogr)>, 'FIELD': 'type', 'OPERATOR': 0, 'VALUE': 'cycleway', 'OUTPUT': 'memory:'}
25.04.2023 11:00:21 - [WARNING] - executor.py:185 : Filter went from 1284 to 105 features
25.04.2023 11:00:21 - [WARNING] - executor.py:192 : Cannot handle distance unit 6, reprojecting to SWEREF99TM, this will only make sense in Sweden
25.04.2023 11:00:21 - [WARNING] - executor.py:282 : Running algorithm native:reprojectlayer with parameters: {'INPUT': <QgsVectorLayer: 'output' (memory)>, 'TARGET_CRS': <QgsCoordinateReferenceSystem: EPSG:3006>, 'OPERATION': None, 'OUTPUT': 'memory:'}
25.04.2023 11:00:21 - [WARNING] - executor.py:282 : Running algorithm native:buffer with parameters: {'INPUT': <QgsVectorLayer: 'output' (memory)>, 'OUTPUT': 'memory:', 'DISTANCE': 500, 'SEGMENTS': 5, 'END_CAP_STYLE': 0, 'JOIN_STYLE': 0, 'MITER_LIMIT': 2, 'DISSOLVE': False}
25.04.2023 11:00:21 - [WARNING] - executor.py:282 : Running algorithm native:reprojectlayer with parameters: {'INPUT': <QgsVectorLayer: 'output' (memory)>, 'TARGET_CRS': <QgsCoordinateReferenceSystem: EPSG:4326>, 'OPERATION': None, 'OUTPUT': 'memory:'}
25.04.2023 11:00:21 - [WARNING] - executor.py:282 : Running algorithm native:intersection with parameters: {'INPUT': <QgsVectorLayer: 'Buildings' (ogr)>, 'OVERLAY': <QgsVectorLayer: 'output' (memory)>, 'INPUT_FIELDS': [], 'OVERLAY_FIELDS': [], 'OVERLAY_FIELDS_PREFIX': '', 'OUTPUT': 'memory:'}
25.04.2023 11:00:22 - [WARNING] - executor.py:242 : Intersection went from 800 to 14358 features
25.04.2023 11:00:57 - [WARNING] - executor.py:155 : Source layer buildings_db6b84da_aee5_49b5_8b63_55e9feb1aa52 has 800 items
25.04.2023 11:00:57 - [WARNING] - executor.py:155 : Source layer roads_03d0609c_eb09_412b_9a07_963d11d2acee has 1284 items
25.04.2023 11:00:57 - [WARNING] - executor.py:282 : Running algorithm native:extractbyattribute with parameters: {'INPUT': <QgsVectorLayer: 'Roads' (ogr)>, 'FIELD': 'type', 'OPERATOR': 0, 'VALUE': 'cycleway', 'OUTPUT': 'memory:'}
25.04.2023 11:00:57 - [WARNING] - executor.py:185 : Filter went from 1284 to 105 features
25.04.2023 11:00:57 - [WARNING] - executor.py:192 : Cannot handle distance unit 6, reprojecting to SWEREF99TM, this will only make sense in Sweden
25.04.2023 11:00:57 - [WARNING] - executor.py:282 : Running algorithm native:reprojectlayer with parameters: {'INPUT': <QgsVectorLayer: 'output' (memory)>, 'TARGET_CRS': <QgsCoordinateReferenceSystem: EPSG:3006>, 'OPERATION': None, 'OUTPUT': 'memory:'}
25.04.2023 11:00:57 - [WARNING] - executor.py:282 : Running algorithm native:buffer with parameters: {'INPUT': <QgsVectorLayer: 'output' (memory)>, 'OUTPUT': 'memory:', 'DISTANCE': 500, 'SEGMENTS': 5, 'END_CAP_STYLE': 0, 'JOIN_STYLE': 0, 'MITER_LIMIT': 2, 'DISSOLVE': False}
25.04.2023 11:00:57 - [WARNING] - executor.py:282 : Running algorithm native:reprojectlayer with parameters: {'INPUT': <QgsVectorLayer: 'output' (memory)>, 'TARGET_CRS': <QgsCoordinateReferenceSystem: EPSG:4326>, 'OPERATION': None, 'OUTPUT': 'memory:'}
25.04.2023 11:00:57 - [WARNING] - executor.py:282 : Running algorithm native:intersection with parameters: {'INPUT': <QgsVectorLayer: 'Buildings' (ogr)>, 'OVERLAY': <QgsVectorLayer: 'output' (memory)>, 'INPUT_FIELDS': [], 'OVERLAY_FIELDS': [], 'OVERLAY_FIELDS_PREFIX': '', 'OUTPUT': 'memory:'}
25.04.2023 11:00:57 - [WARNING] - executor.py:242 : Intersection went from 800 to 14358 features
25.04.2023 11:02:17 - [WARNING] - executor.py:155 : Source layer buildings_db6b84da_aee5_49b5_8b63_55e9feb1aa52 has 800 items
25.04.2023 11:02:17 - [WARNING] - executor.py:155 : Source layer roads_03d0609c_eb09_412b_9a07_963d11d2acee has 1284 items
25.04.2023 11:02:17 - [WARNING] - executor.py:282 : Running algorithm native:extractbyattribute with parameters: {'INPUT': <QgsVectorLayer: 'Roads' (ogr)>, 'FIELD': 'type', 'OPERATOR': 0, 'VALUE': 'cycleway', 'OUTPUT': 'memory:'}
25.04.2023 11:02:17 - [WARNING] - executor.py:185 : Filter went from 1284 to 105 features
25.04.2023 11:02:17 - [WARNING] - executor.py:192 : Cannot handle distance unit 6, reprojecting to SWEREF99TM, this will only make sense in Sweden
25.04.2023 11:02:18 - [WARNING] - executor.py:282 : Running algorithm native:reprojectlayer with parameters: {'INPUT': <QgsVectorLayer: 'output' (memory)>, 'TARGET_CRS': <QgsCoordinateReferenceSystem: EPSG:3006>, 'OPERATION': None, 'OUTPUT': 'memory:'}
25.04.2023 11:02:18 - [WARNING] - executor.py:282 : Running algorithm native:buffer with parameters: {'INPUT': <QgsVectorLayer: 'output' (memory)>, 'OUTPUT': 'memory:', 'DISTANCE': 500, 'SEGMENTS': 5, 'END_CAP_STYLE': 0, 'JOIN_STYLE': 0, 'MITER_LIMIT': 2, 'DISSOLVE': False}
25.04.2023 11:02:18 - [WARNING] - executor.py:282 : Running algorithm native:reprojectlayer with parameters: {'INPUT': <QgsVectorLayer: 'output' (memory)>, 'TARGET_CRS': <QgsCoordinateReferenceSystem: EPSG:4326>, 'OPERATION': None, 'OUTPUT': 'memory:'}
25.04.2023 11:06:14 - [WARNING] - executor.py:155 : Source layer buildings_db6b84da_aee5_49b5_8b63_55e9feb1aa52 has 800 items
25.04.2023 11:06:14 - [WARNING] - executor.py:155 : Source layer roads_03d0609c_eb09_412b_9a07_963d11d2acee has 1284 items
25.04.2023 11:06:14 - [WARNING] - executor.py:288 : Running algorithm native:extractbyattribute with parameters: {'INPUT': <QgsVectorLayer: 'Roads' (ogr)>, 'FIELD': 'type', 'OPERATOR': 0, 'VALUE': 'cycleway', 'OUTPUT': 'memory:'}
25.04.2023 11:06:14 - [WARNING] - executor.py:185 : Filter went from 1284 to 105 features
25.04.2023 11:06:14 - [WARNING] - executor.py:192 : Cannot handle distance unit 6, reprojecting to SWEREF99TM, this will only make sense in Sweden
25.04.2023 11:06:14 - [WARNING] - executor.py:288 : Running algorithm native:reprojectlayer with parameters: {'INPUT': <QgsVectorLayer: 'output' (memory)>, 'TARGET_CRS': <QgsCoordinateReferenceSystem: EPSG:3006>, 'OPERATION': None, 'OUTPUT': 'memory:'}
25.04.2023 11:06:14 - [WARNING] - executor.py:288 : Running algorithm native:buffer with parameters: {'INPUT': <QgsVectorLayer: 'output' (memory)>, 'OUTPUT': 'memory:', 'DISTANCE': 500, 'SEGMENTS': 5, 'END_CAP_STYLE': 0, 'JOIN_STYLE': 0, 'MITER_LIMIT': 2, 'DISSOLVE': False}
25.04.2023 11:06:14 - [WARNING] - executor.py:288 : Running algorithm native:reprojectlayer with parameters: {'INPUT': <QgsVectorLayer: 'output' (memory)>, 'TARGET_CRS': <QgsCoordinateReferenceSystem: EPSG:4326>, 'OPERATION': None, 'OUTPUT': 'memory:'}
25.04.2023 11:06:14 - [WARNING] - executor.py:288 : Running algorithm native:dissolve with parameters: {'INPUT': <QgsVectorLayer: 'output' (memory)>, 'FIELD': [], 'SEPARATE_DISJOINT': True, 'OUTPUT': 'memory:'}
25.04.2023 11:06:14 - [WARNING] - executor.py:288 : Running algorithm native:intersection with parameters: {'INPUT': <QgsVectorLayer: 'Buildings' (ogr)>, 'OVERLAY': <QgsVectorLayer: 'output' (memory)>, 'INPUT_FIELDS': [], 'OVERLAY_FIELDS': [], 'OVERLAY_FIELDS_PREFIX': '', 'OUTPUT': 'memory:'}
25.04.2023 11:06:14 - [WARNING] - executor.py:248 : Intersection went from 800 to 620 features
25.04.2023 11:06:40 - [WARNING] - executor.py:155 : Source layer buildings_db6b84da_aee5_49b5_8b63_55e9feb1aa52 has 800 items
25.04.2023 11:06:40 - [WARNING] - executor.py:155 : Source layer roads_03d0609c_eb09_412b_9a07_963d11d2acee has 1284 items
25.04.2023 11:06:40 - [WARNING] - executor.py:288 : Running algorithm native:extractbyattribute with parameters: {'INPUT': <QgsVectorLayer: 'Roads' (ogr)>, 'FIELD': 'type', 'OPERATOR': 0, 'VALUE': 'cycleway', 'OUTPUT': 'memory:'}
25.04.2023 11:06:40 - [WARNING] - executor.py:185 : Filter went from 1284 to 105 features
25.04.2023 11:06:40 - [WARNING] - executor.py:192 : Cannot handle distance unit 6, reprojecting to SWEREF99TM, this will only make sense in Sweden
25.04.2023 11:06:40 - [WARNING] - executor.py:288 : Running algorithm native:reprojectlayer with parameters: {'INPUT': <QgsVectorLayer: 'output' (memory)>, 'TARGET_CRS': <QgsCoordinateReferenceSystem: EPSG:3006>, 'OPERATION': None, 'OUTPUT': 'memory:'}
25.04.2023 11:06:40 - [WARNING] - executor.py:288 : Running algorithm native:buffer with parameters: {'INPUT': <QgsVectorLayer: 'output' (memory)>, 'OUTPUT': 'memory:', 'DISTANCE': 500, 'SEGMENTS': 5, 'END_CAP_STYLE': 0, 'JOIN_STYLE': 0, 'MITER_LIMIT': 2, 'DISSOLVE': False}
25.04.2023 11:06:40 - [WARNING] - executor.py:288 : Running algorithm native:reprojectlayer with parameters: {'INPUT': <QgsVectorLayer: 'output' (memory)>, 'TARGET_CRS': <QgsCoordinateReferenceSystem: EPSG:4326>, 'OPERATION': None, 'OUTPUT': 'memory:'}
25.04.2023 11:06:40 - [WARNING] - executor.py:288 : Running algorithm native:dissolve with parameters: {'INPUT': <QgsVectorLayer: 'output' (memory)>, 'FIELD': [], 'SEPARATE_DISJOINT': True, 'OUTPUT': 'memory:'}
25.04.2023 11:06:40 - [WARNING] - executor.py:288 : Running algorithm native:intersection with parameters: {'INPUT': <QgsVectorLayer: 'Buildings' (ogr)>, 'OVERLAY': <QgsVectorLayer: 'output' (memory)>, 'INPUT_FIELDS': [], 'OVERLAY_FIELDS': [], 'OVERLAY_FIELDS_PREFIX': '', 'OUTPUT': 'memory:'}
25.04.2023 11:06:40 - [WARNING] - executor.py:248 : Intersection went from 800 to 620 features
25.04.2023 11:06:45 - [WARNING] - executor.py:155 : Source layer buildings_db6b84da_aee5_49b5_8b63_55e9feb1aa52 has 800 items
25.04.2023 11:06:45 - [WARNING] - executor.py:155 : Source layer roads_03d0609c_eb09_412b_9a07_963d11d2acee has 1284 items
25.04.2023 11:06:45 - [WARNING] - executor.py:288 : Running algorithm native:extractbyattribute with parameters: {'INPUT': <QgsVectorLayer: 'Roads' (ogr)>, 'FIELD': 'type', 'OPERATOR': 0, 'VALUE': 'cycleway', 'OUTPUT': 'memory:'}
25.04.2023 11:06:45 - [WARNING] - executor.py:185 : Filter went from 1284 to 105 features
25.04.2023 11:06:45 - [WARNING] - executor.py:192 : Cannot handle distance unit 6, reprojecting to SWEREF99TM, this will only make sense in Sweden
25.04.2023 11:06:45 - [WARNING] - executor.py:288 : Running algorithm native:reprojectlayer with parameters: {'INPUT': <QgsVectorLayer: 'output' (memory)>, 'TARGET_CRS': <QgsCoordinateReferenceSystem: EPSG:3006>, 'OPERATION': None, 'OUTPUT': 'memory:'}
25.04.2023 11:06:45 - [WARNING] - executor.py:288 : Running algorithm native:buffer with parameters: {'INPUT': <QgsVectorLayer: 'output' (memory)>, 'OUTPUT': 'memory:', 'DISTANCE': 500, 'SEGMENTS': 5, 'END_CAP_STYLE': 0, 'JOIN_STYLE': 0, 'MITER_LIMIT': 2, 'DISSOLVE': False}
25.04.2023 11:06:45 - [WARNING] - executor.py:288 : Running algorithm native:reprojectlayer with parameters: {'INPUT': <QgsVectorLayer: 'output' (memory)>, 'TARGET_CRS': <QgsCoordinateReferenceSystem: EPSG:4326>, 'OPERATION': None, 'OUTPUT': 'memory:'}
25.04.2023 11:06:45 - [WARNING] - executor.py:288 : Running algorithm native:dissolve with parameters: {'INPUT': <QgsVectorLayer: 'output' (memory)>, 'FIELD': [], 'SEPARATE_DISJOINT': True, 'OUTPUT': 'memory:'}
25.04.2023 11:06:45 - [WARNING] - executor.py:288 : Running algorithm native:intersection with parameters: {'INPUT': <QgsVectorLayer: 'Buildings' (ogr)>, 'OVERLAY': <QgsVectorLayer: 'output' (memory)>, 'INPUT_FIELDS': [], 'OVERLAY_FIELDS': [], 'OVERLAY_FIELDS_PREFIX': '', 'OUTPUT': 'memory:'}
25.04.2023 11:06:45 - [WARNING] - executor.py:248 : Intersection went from 800 to 620 features
25.04.2023 11:08:30 - [WARNING] - executor.py:155 : Source layer buildings_db6b84da_aee5_49b5_8b63_55e9feb1aa52 has 800 items
25.04.2023 11:08:30 - [WARNING] - executor.py:288 : Running algorithm native:extractbyattribute with parameters: {'INPUT': <QgsVectorLayer: 'Buildings' (ogr)>, 'FIELD': 'type', 'OPERATOR': 0, 'VALUE': 'school', 'OUTPUT': 'memory:'}
25.04.2023 11:08:30 - [WARNING] - executor.py:185 : Filter went from 800 to 9 features
25.04.2023 11:18:01 - [WARNING] - executor.py:155 : Source layer waterways_a8e67fb9_bb24_4fa9_a998_1e704c4f2af7 has 57 items
25.04.2023 11:19:40 - [WARNING] - executor.py:123 : invalid syntax (<string>, line 1)
25.04.2023 11:28:39 - [WARNING] - executor.py:155 : Source layer natural_dc81decc_7660_445d_9168_3eb58a1bded8 has 177 items
25.04.2023 11:28:39 - [WARNING] - executor.py:288 : Running algorithm native:extractbyattribute with parameters: {'INPUT': <QgsVectorLayer: 'Natural' (ogr)>, 'FIELD': 'type', 'OPERATOR': 0, 'VALUE': 'park', 'OUTPUT': 'memory:'}
25.04.2023 11:28:39 - [WARNING] - executor.py:185 : Filter went from 177 to 2 features
25.04.2023 11:28:39 - [WARNING] - executor.py:155 : Source layer waterways_a8e67fb9_bb24_4fa9_a998_1e704c4f2af7 has 57 items
25.04.2023 11:28:39 - [WARNING] - executor.py:288 : Running algorithm native:extractbyattribute with parameters: {'INPUT': <QgsVectorLayer: 'Waterways' (ogr)>, 'FIELD': 'type', 'OPERATOR': 0, 'VALUE': 'river', 'OUTPUT': 'memory:'}
25.04.2023 11:28:39 - [WARNING] - executor.py:185 : Filter went from 57 to 3 features
25.04.2023 11:28:39 - [WARNING] - executor.py:288 : Running algorithm native:dissolve with parameters: {'INPUT': <QgsVectorLayer: 'output' (memory)>, 'FIELD': [], 'SEPARATE_DISJOINT': True, 'OUTPUT': 'memory:'}
25.04.2023 11:28:39 - [WARNING] - executor.py:288 : Running algorithm native:intersection with parameters: {'INPUT': <QgsVectorLayer: 'output' (memory)>, 'OVERLAY': <QgsVectorLayer: 'output' (memory)>, 'INPUT_FIELDS': [], 'OVERLAY_FIELDS': [], 'OVERLAY_FIELDS_PREFIX': '', 'OUTPUT': 'memory:'}
25.04.2023 11:28:39 - [WARNING] - executor.py:248 : Intersection went from 2 to 0 features
25.04.2023 11:35:33 - [WARNING] - executor.py:123 : __init__() takes 3 positional arguments but 4 were given
25.04.2023 11:47:40 - [WARNING] - executor.py:123 : unexpected indent (<string>, line 1)
25.04.2023 12:05:33 - [WARNING] - executor.py:123 : Error while executing Python for actions: __init__() takes 3 positional arguments but 4 were given
25.04.2023 12:08:46 - [WARNING] - executor.py:158 : Source layer natural_dc81decc_7660_445d_9168_3eb58a1bded8 has 177 items
25.04.2023 12:08:46 - [WARNING] - executor.py:291 : Running algorithm native:extractbyattribute with parameters: {'INPUT': <QgsVectorLayer: 'Natural' (ogr)>, 'FIELD': 'type', 'OPERATOR': 0, 'VALUE': 'park', 'OUTPUT': 'memory:'}
25.04.2023 12:08:46 - [WARNING] - executor.py:188 : Filter went from 177 to 2 features
25.04.2023 12:08:46 - [WARNING] - executor.py:158 : Source layer waterways_a8e67fb9_bb24_4fa9_a998_1e704c4f2af7 has 57 items
25.04.2023 12:08:46 - [WARNING] - executor.py:291 : Running algorithm native:extractbyattribute with parameters: {'INPUT': <QgsVectorLayer: 'Waterways' (ogr)>, 'FIELD': 'type', 'OPERATOR': 0, 'VALUE': 'river', 'OUTPUT': 'memory:'}
25.04.2023 12:08:46 - [WARNING] - executor.py:188 : Filter went from 57 to 3 features
25.04.2023 12:08:46 - [WARNING] - executor.py:158 : Source layer waterways_a8e67fb9_bb24_4fa9_a998_1e704c4f2af7 has 57 items
25.04.2023 12:08:46 - [WARNING] - executor.py:291 : Running algorithm native:extractbyattribute with parameters: {'INPUT': <QgsVectorLayer: 'Waterways' (ogr)>, 'FIELD': 'type', 'OPERATOR': 0, 'VALUE': 'stream', 'OUTPUT': 'memory:'}
25.04.2023 12:08:46 - [WARNING] - executor.py:188 : Filter went from 57 to 41 features
25.04.2023 12:10:39 - [WARNING] - executor.py:158 : Source layer natural_dc81decc_7660_445d_9168_3eb58a1bded8 has 177 items
25.04.2023 12:10:39 - [WARNING] - executor.py:291 : Running algorithm native:extractbyattribute with parameters: {'INPUT': <QgsVectorLayer: 'Natural' (ogr)>, 'FIELD': 'type', 'OPERATOR': 0, 'VALUE': 'park', 'OUTPUT': 'memory:'}
25.04.2023 12:10:39 - [WARNING] - executor.py:188 : Filter went from 177 to 2 features
25.04.2023 12:10:39 - [WARNING] - executor.py:158 : Source layer waterways_a8e67fb9_bb24_4fa9_a998_1e704c4f2af7 has 57 items
25.04.2023 12:10:39 - [WARNING] - executor.py:291 : Running algorithm native:extractbyattribute with parameters: {'INPUT': <QgsVectorLayer: 'Waterways' (ogr)>, 'FIELD': 'type', 'OPERATOR': 0, 'VALUE': 'river', 'OUTPUT': 'memory:'}
25.04.2023 12:10:39 - [WARNING] - executor.py:188 : Filter went from 57 to 3 features
25.04.2023 12:10:39 - [WARNING] - executor.py:158 : Source layer waterways_a8e67fb9_bb24_4fa9_a998_1e704c4f2af7 has 57 items
25.04.2023 12:10:39 - [WARNING] - executor.py:291 : Running algorithm native:extractbyattribute with parameters: {'INPUT': <QgsVectorLayer: 'Waterways' (ogr)>, 'FIELD': 'type', 'OPERATOR': 0, 'VALUE': 'stream', 'OUTPUT': 'memory:'}
25.04.2023 12:10:39 - [WARNING] - executor.py:188 : Filter went from 57 to 41 features
25.04.2023 12:12:17 - [WARNING] - executor.py:160 : Source layer natural_dc81decc_7660_445d_9168_3eb58a1bded8 has 177 items
25.04.2023 12:12:17 - [WARNING] - executor.py:293 : Running algorithm native:extractbyattribute with parameters: {'INPUT': <QgsVectorLayer: 'Natural' (ogr)>, 'FIELD': 'type', 'OPERATOR': 0, 'VALUE': 'park', 'OUTPUT': 'memory:'}
25.04.2023 12:12:17 - [WARNING] - executor.py:190 : Filter went from 177 to 2 features
25.04.2023 12:12:17 - [WARNING] - executor.py:160 : Source layer waterways_a8e67fb9_bb24_4fa9_a998_1e704c4f2af7 has 57 items
25.04.2023 12:12:17 - [WARNING] - executor.py:293 : Running algorithm native:extractbyattribute with parameters: {'INPUT': <QgsVectorLayer: 'Waterways' (ogr)>, 'FIELD': 'type', 'OPERATOR': 0, 'VALUE': 'river', 'OUTPUT': 'memory:'}
25.04.2023 12:12:17 - [WARNING] - executor.py:190 : Filter went from 57 to 3 features
25.04.2023 12:12:17 - [WARNING] - executor.py:160 : Source layer waterways_a8e67fb9_bb24_4fa9_a998_1e704c4f2af7 has 57 items
25.04.2023 12:12:17 - [WARNING] - executor.py:293 : Running algorithm native:extractbyattribute with parameters: {'INPUT': <QgsVectorLayer: 'Waterways' (ogr)>, 'FIELD': 'type', 'OPERATOR': 0, 'VALUE': 'stream', 'OUTPUT': 'memory:'}
25.04.2023 12:12:17 - [WARNING] - executor.py:190 : Filter went from 57 to 41 features
25.04.2023 12:12:17 - [WARNING] - executor.py:160 : Source layer waterways_a8e67fb9_bb24_4fa9_a998_1e704c4f2af7 has 57 items
25.04.2023 12:12:17 - [WARNING] - executor.py:293 : Running algorithm native:extractbyattribute with parameters: {'INPUT': <QgsVectorLayer: 'Waterways' (ogr)>, 'FIELD': 'type', 'OPERATOR': 0, 'VALUE': 'ditch', 'OUTPUT': 'memory:'}
25.04.2023 12:12:17 - [WARNING] - executor.py:190 : Filter went from 57 to 13 features
25.04.2023 12:12:17 - [WARNING] - executor.py:293 : Running algorithm native:union with parameters: {'INPUT': <QgsVectorLayer: 'output' (memory)>, 'OVERLAY': <QgsVectorLayer: 'output' (memory)>, 'OVERLAY_FIELDS_PREFIX': '', 'OUTPUT': 'memory:'}
25.04.2023 12:12:17 - [WARNING] - executor.py:293 : Running algorithm native:union with parameters: {'INPUT': <QgsVectorLayer: 'output' (memory)>, 'OVERLAY': <QgsVectorLayer: 'output' (memory)>, 'OVERLAY_FIELDS_PREFIX': '', 'OUTPUT': 'memory:'}
25.04.2023 12:12:17 - [WARNING] - executor.py:293 : Running algorithm native:dissolve with parameters: {'INPUT': <QgsVectorLayer: 'output' (memory)>, 'FIELD': [], 'SEPARATE_DISJOINT': True, 'OUTPUT': 'memory:'}
25.04.2023 12:12:17 - [WARNING] - executor.py:293 : Running algorithm native:intersection with parameters: {'INPUT': <QgsVectorLayer: 'output' (memory)>, 'OVERLAY': <QgsVectorLayer: 'output' (memory)>, 'INPUT_FIELDS': [], 'OVERLAY_FIELDS': [], 'OVERLAY_FIELDS_PREFIX': '', 'OUTPUT': 'memory:'}
25.04.2023 12:12:17 - [WARNING] - executor.py:253 : Intersection went from 2 to 0 features
25.04.2023 12:14:53 - [WARNING] - executor.py:160 : Source layer natural_dc81decc_7660_445d_9168_3eb58a1bded8 has 177 items
25.04.2023 12:14:53 - [WARNING] - executor.py:298 : Running algorithm native:extractbyattribute with parameters: {'INPUT': <QgsVectorLayer: 'Natural' (ogr)>, 'FIELD': 'type', 'OPERATOR': 0, 'VALUE': 'park', 'OUTPUT': 'memory:'}
25.04.2023 12:14:53 - [WARNING] - executor.py:190 : Filter went from 177 to 2 features
25.04.2023 12:14:53 - [WARNING] - executor.py:160 : Source layer waterways_a8e67fb9_bb24_4fa9_a998_1e704c4f2af7 has 57 items
25.04.2023 12:14:53 - [WARNING] - executor.py:298 : Running algorithm native:extractbyattribute with parameters: {'INPUT': <QgsVectorLayer: 'Waterways' (ogr)>, 'FIELD': 'type', 'OPERATOR': 0, 'VALUE': 'river', 'OUTPUT': 'memory:'}
25.04.2023 12:14:53 - [WARNING] - executor.py:190 : Filter went from 57 to 3 features
25.04.2023 12:14:53 - [WARNING] - executor.py:160 : Source layer waterways_a8e67fb9_bb24_4fa9_a998_1e704c4f2af7 has 57 items
25.04.2023 12:14:53 - [WARNING] - executor.py:298 : Running algorithm native:extractbyattribute with parameters: {'INPUT': <QgsVectorLayer: 'Waterways' (ogr)>, 'FIELD': 'type', 'OPERATOR': 0, 'VALUE': 'stream', 'OUTPUT': 'memory:'}
25.04.2023 12:14:53 - [WARNING] - executor.py:190 : Filter went from 57 to 41 features
25.04.2023 12:14:53 - [WARNING] - executor.py:160 : Source layer waterways_a8e67fb9_bb24_4fa9_a998_1e704c4f2af7 has 57 items
25.04.2023 12:14:53 - [WARNING] - executor.py:298 : Running algorithm native:extractbyattribute with parameters: {'INPUT': <QgsVectorLayer: 'Waterways' (ogr)>, 'FIELD': 'type', 'OPERATOR': 0, 'VALUE': 'ditch', 'OUTPUT': 'memory:'}
25.04.2023 12:14:53 - [WARNING] - executor.py:190 : Filter went from 57 to 13 features
25.04.2023 12:14:53 - [WARNING] - executor.py:298 : Running algorithm native:union with parameters: {'INPUT': <QgsVectorLayer: 'output' (memory)>, 'OVERLAY': <QgsVectorLayer: 'output' (memory)>, 'OVERLAY_FIELDS_PREFIX': '', 'OUTPUT': 'memory:'}
25.04.2023 12:14:53 - [WARNING] - executor.py:298 : Running algorithm native:union with parameters: {'INPUT': <QgsVectorLayer: 'output' (memory)>, 'OVERLAY': <QgsVectorLayer: 'output' (memory)>, 'OVERLAY_FIELDS_PREFIX': '', 'OUTPUT': 'memory:'}
25.04.2023 12:14:53 - [WARNING] - executor.py:298 : Running algorithm native:dissolve with parameters: {'INPUT': <QgsVectorLayer: 'output' (memory)>, 'FIELD': [], 'SEPARATE_DISJOINT': True, 'OUTPUT': 'memory:'}
25.04.2023 12:14:53 - [WARNING] - executor.py:298 : Running algorithm native:intersection with parameters: {'INPUT': <QgsVectorLayer: 'output' (memory)>, 'OVERLAY': <QgsVectorLayer: 'output' (memory)>, 'INPUT_FIELDS': [], 'OVERLAY_FIELDS': [], 'OVERLAY_FIELDS_PREFIX': '', 'OUTPUT': 'memory:'}
25.04.2023 12:14:53 - [WARNING] - executor.py:258 : Intersection went from 2 to 0 features
25.04.2023 12:15:48 - [WARNING] - executor.py:160 : Source layer natural_dc81decc_7660_445d_9168_3eb58a1bded8 has 177 items
25.04.2023 12:15:48 - [WARNING] - executor.py:298 : Running algorithm native:extractbyattribute with parameters: {'INPUT': <QgsVectorLayer: 'Natural' (ogr)>, 'FIELD': 'type', 'OPERATOR': 0, 'VALUE': 'park', 'OUTPUT': 'memory:'}
25.04.2023 12:15:48 - [WARNING] - executor.py:190 : Filter went from 177 to 2 features
25.04.2023 12:15:48 - [WARNING] - executor.py:160 : Source layer waterways_a8e67fb9_bb24_4fa9_a998_1e704c4f2af7 has 57 items
25.04.2023 12:15:48 - [WARNING] - executor.py:298 : Running algorithm native:extractbyattribute with parameters: {'INPUT': <QgsVectorLayer: 'Waterways' (ogr)>, 'FIELD': 'type', 'OPERATOR': 0, 'VALUE': 'river', 'OUTPUT': 'memory:'}
25.04.2023 12:15:48 - [WARNING] - executor.py:190 : Filter went from 57 to 3 features
25.04.2023 12:15:48 - [WARNING] - executor.py:160 : Source layer waterways_a8e67fb9_bb24_4fa9_a998_1e704c4f2af7 has 57 items
25.04.2023 12:15:48 - [WARNING] - executor.py:298 : Running algorithm native:extractbyattribute with parameters: {'INPUT': <QgsVectorLayer: 'Waterways' (ogr)>, 'FIELD': 'type', 'OPERATOR': 0, 'VALUE': 'stream', 'OUTPUT': 'memory:'}
25.04.2023 12:15:48 - [WARNING] - executor.py:190 : Filter went from 57 to 41 features
25.04.2023 12:15:48 - [WARNING] - executor.py:160 : Source layer waterways_a8e67fb9_bb24_4fa9_a998_1e704c4f2af7 has 57 items
25.04.2023 12:15:48 - [WARNING] - executor.py:298 : Running algorithm native:extractbyattribute with parameters: {'INPUT': <QgsVectorLayer: 'Waterways' (ogr)>, 'FIELD': 'type', 'OPERATOR': 0, 'VALUE': 'ditch', 'OUTPUT': 'memory:'}
25.04.2023 12:15:48 - [WARNING] - executor.py:190 : Filter went from 57 to 13 features
25.04.2023 12:15:48 - [WARNING] - executor.py:298 : Running algorithm native:union with parameters: {'INPUT': <QgsVectorLayer: 'output' (memory)>, 'OVERLAY': <QgsVectorLayer: 'output' (memory)>, 'OVERLAY_FIELDS_PREFIX': '', 'OUTPUT': 'memory:'}
25.04.2023 12:15:48 - [WARNING] - executor.py:298 : Running algorithm native:union with parameters: {'INPUT': <QgsVectorLayer: 'output' (memory)>, 'OVERLAY': <QgsVectorLayer: 'output' (memory)>, 'OVERLAY_FIELDS_PREFIX': '', 'OUTPUT': 'memory:'}
25.04.2023 12:15:48 - [WARNING] - executor.py:298 : Running algorithm native:dissolve with parameters: {'INPUT': <QgsVectorLayer: 'output' (memory)>, 'FIELD': [], 'SEPARATE_DISJOINT': True, 'OUTPUT': 'memory:'}
25.04.2023 12:15:48 - [WARNING] - executor.py:298 : Running algorithm native:intersection with parameters: {'INPUT': <QgsVectorLayer: 'output' (memory)>, 'OVERLAY': <QgsVectorLayer: 'output' (memory)>, 'INPUT_FIELDS': [], 'OVERLAY_FIELDS': [], 'OVERLAY_FIELDS_PREFIX': '', 'OUTPUT': 'memory:'}
25.04.2023 12:15:48 - [WARNING] - executor.py:258 : Intersection went from 2 to 0 features
25.04.2023 16:37:49 - [WARNING] - executor.py:170 : Source layer landuse_f9d9bd44_64ad_4d74_a77f_dd4b2ac84bce has 233 items
25.04.2023 16:37:49 - [WARNING] - executor.py:308 : Running algorithm native:extractbyattribute with parameters: {'INPUT': <QgsVectorLayer: 'Landuse' (ogr)>, 'FIELD': 'type', 'OPERATOR': 0, 'VALUE': 'industrial', 'OUTPUT': 'memory:'}
25.04.2023 16:37:49 - [WARNING] - executor.py:200 : Filter went from 233 to 5 features
25.04.2023 16:37:49 - [WARNING] - executor.py:170 : Source layer natural_dc81decc_7660_445d_9168_3eb58a1bded8 has 177 items
25.04.2023 16:37:49 - [WARNING] - executor.py:308 : Running algorithm native:extractbyattribute with parameters: {'INPUT': <QgsVectorLayer: 'Natural' (ogr)>, 'FIELD': 'type', 'OPERATOR': 0, 'VALUE': 'water', 'OUTPUT': 'memory:'}
25.04.2023 16:37:49 - [WARNING] - executor.py:200 : Filter went from 177 to 2 features
25.04.2023 16:37:49 - [WARNING] - executor.py:170 : Source layer waterways_a8e67fb9_bb24_4fa9_a998_1e704c4f2af7 has 57 items
25.04.2023 16:37:49 - [WARNING] - executor.py:308 : Running algorithm native:extractbyattribute with parameters: {'INPUT': <QgsVectorLayer: 'Waterways' (ogr)>, 'FIELD': 'type', 'OPERATOR': 0, 'VALUE': 'water', 'OUTPUT': 'memory:'}
25.04.2023 16:37:49 - [WARNING] - executor.py:200 : Filter went from 57 to 0 features
25.04.2023 16:37:49 - [WARNING] - executor.py:308 : Running algorithm native:union with parameters: {'INPUT': <QgsVectorLayer: 'output' (memory)>, 'OVERLAY': <QgsVectorLayer: 'output' (memory)>, 'OVERLAY_FIELDS_PREFIX': '', 'OUTPUT': 'memory:'}
25.04.2023 16:37:49 - [WARNING] - executor.py:308 : Running algorithm native:dissolve with parameters: {'INPUT': <QgsVectorLayer: 'output' (memory)>, 'FIELD': [], 'SEPARATE_DISJOINT': True, 'OUTPUT': 'memory:'}
25.04.2023 16:37:49 - [WARNING] - executor.py:308 : Running algorithm native:intersection with parameters: {'INPUT': <QgsVectorLayer: 'output' (memory)>, 'OVERLAY': <QgsVectorLayer: 'output' (memory)>, 'INPUT_FIELDS': [], 'OVERLAY_FIELDS': [], 'OVERLAY_FIELDS_PREFIX': '', 'OUTPUT': 'memory:'}
25.04.2023 16:37:49 - [WARNING] - executor.py:268 : Intersection went from 5 to 0 features
25.04.2023 17:48:43 - [WARNING] - executor.py:170 : Source layer Landuse has 233 items
25.04.2023 17:48:43 - [WARNING] - executor.py:308 : Running algorithm native:extractbyattribute with parameters: {'INPUT': <QgsVectorLayer: 'Landuse' (ogr)>, 'FIELD': 'type', 'OPERATOR': 0, 'VALUE': 'industrial', 'OUTPUT': 'memory:'}
25.04.2023 17:48:43 - [WARNING] - executor.py:200 : Filter went from 233 to 5 features
25.04.2023 17:48:43 - [WARNING] - executor.py:170 : Source layer Waterways has 57 items
25.04.2023 17:48:43 - [WARNING] - executor.py:308 : Running algorithm native:extractbyattribute with parameters: {'INPUT': <QgsVectorLayer: 'Waterways' (ogr)>, 'FIELD': 'type', 'OPERATOR': 0, 'VALUE': 'river', 'OUTPUT': 'memory:'}
25.04.2023 17:48:43 - [WARNING] - executor.py:200 : Filter went from 57 to 3 features
25.04.2023 17:48:43 - [WARNING] - executor.py:170 : Source layer Waterways has 57 items
25.04.2023 17:48:43 - [WARNING] - executor.py:308 : Running algorithm native:extractbyattribute with parameters: {'INPUT': <QgsVectorLayer: 'Waterways' (ogr)>, 'FIELD': 'type', 'OPERATOR': 0, 'VALUE': 'stream', 'OUTPUT': 'memory:'}
25.04.2023 17:48:43 - [WARNING] - executor.py:200 : Filter went from 57 to 41 features
25.04.2023 17:48:43 - [WARNING] - executor.py:170 : Source layer Waterways has 57 items
25.04.2023 17:48:43 - [WARNING] - executor.py:308 : Running algorithm native:extractbyattribute with parameters: {'INPUT': <QgsVectorLayer: 'Waterways' (ogr)>, 'FIELD': 'type', 'OPERATOR': 0, 'VALUE': 'ditch', 'OUTPUT': 'memory:'}
25.04.2023 17:48:43 - [WARNING] - executor.py:200 : Filter went from 57 to 13 features
25.04.2023 17:48:43 - [WARNING] - executor.py:308 : Running algorithm native:union with parameters: {'INPUT': <QgsVectorLayer: 'output' (memory)>, 'OVERLAY': <QgsVectorLayer: 'output' (memory)>, 'OVERLAY_FIELDS_PREFIX': '', 'OUTPUT': 'memory:'}
25.04.2023 17:48:43 - [WARNING] - executor.py:308 : Running algorithm native:union with parameters: {'INPUT': <QgsVectorLayer: 'output' (memory)>, 'OVERLAY': <QgsVectorLayer: 'output' (memory)>, 'OVERLAY_FIELDS_PREFIX': '', 'OUTPUT': 'memory:'}
25.04.2023 17:48:43 - [WARNING] - executor.py:308 : Running algorithm native:dissolve with parameters: {'INPUT': <QgsVectorLayer: 'output' (memory)>, 'FIELD': [], 'SEPARATE_DISJOINT': True, 'OUTPUT': 'memory:'}
25.04.2023 17:48:43 - [WARNING] - executor.py:308 : Running algorithm native:intersection with parameters: {'INPUT': <QgsVectorLayer: 'output' (memory)>, 'OVERLAY': <QgsVectorLayer: 'output' (memory)>, 'INPUT_FIELDS': [], 'OVERLAY_FIELDS': [], 'OVERLAY_FIELDS_PREFIX': '', 'OUTPUT': 'memory:'}
25.04.2023 17:48:43 - [WARNING] - executor.py:268 : Intersection went from 5 to 0 features
25.04.2023 17:52:09 - [WARNING] - executor.py:171 : Source layer Landuse has 233 items
25.04.2023 17:52:09 - [WARNING] - executor.py:314 : Running algorithm native:extractbyattribute with parameters: {'INPUT': <QgsVectorLayer: 'Landuse' (ogr)>, 'FIELD': 'type', 'OPERATOR': 0, 'VALUE': 'industrial', 'OUTPUT': 'memory:'}
25.04.2023 17:52:09 - [WARNING] - executor.py:201 : Filter went from 233 to 5 features
25.04.2023 17:52:09 - [WARNING] - executor.py:171 : Source layer Waterways has 57 items
25.04.2023 17:52:09 - [WARNING] - executor.py:314 : Running algorithm native:extractbyattribute with parameters: {'INPUT': <QgsVectorLayer: 'Waterways' (ogr)>, 'FIELD': 'type', 'OPERATOR': 0, 'VALUE': 'river', 'OUTPUT': 'memory:'}
25.04.2023 17:52:09 - [WARNING] - executor.py:201 : Filter went from 57 to 3 features
25.04.2023 17:52:09 - [WARNING] - executor.py:171 : Source layer Waterways has 57 items
25.04.2023 17:52:09 - [WARNING] - executor.py:314 : Running algorithm native:extractbyattribute with parameters: {'INPUT': <QgsVectorLayer: 'Waterways' (ogr)>, 'FIELD': 'type', 'OPERATOR': 0, 'VALUE': 'stream', 'OUTPUT': 'memory:'}
25.04.2023 17:52:09 - [WARNING] - executor.py:201 : Filter went from 57 to 41 features
25.04.2023 17:52:09 - [WARNING] - executor.py:171 : Source layer Waterways has 57 items
25.04.2023 17:52:09 - [WARNING] - executor.py:314 : Running algorithm native:extractbyattribute with parameters: {'INPUT': <QgsVectorLayer: 'Waterways' (ogr)>, 'FIELD': 'type', 'OPERATOR': 0, 'VALUE': 'ditch', 'OUTPUT': 'memory:'}
25.04.2023 17:52:09 - [WARNING] - executor.py:201 : Filter went from 57 to 13 features
25.04.2023 17:52:09 - [WARNING] - executor.py:314 : Running algorithm native:union with parameters: {'INPUT': <QgsVectorLayer: 'output' (memory)>, 'OVERLAY': <QgsVectorLayer: 'output' (memory)>, 'OVERLAY_FIELDS_PREFIX': '', 'OUTPUT': 'memory:'}
25.04.2023 17:52:09 - [WARNING] - executor.py:242 : Union result contains 54 features
25.04.2023 17:52:09 - [WARNING] - executor.py:314 : Running algorithm native:union with parameters: {'INPUT': <QgsVectorLayer: 'output' (memory)>, 'OVERLAY': <QgsVectorLayer: 'output' (memory)>, 'OVERLAY_FIELDS_PREFIX': '', 'OUTPUT': 'memory:'}
25.04.2023 17:52:09 - [WARNING] - executor.py:242 : Union result contains 57 features
25.04.2023 17:52:09 - [WARNING] - executor.py:314 : Running algorithm native:dissolve with parameters: {'INPUT': <QgsVectorLayer: 'output' (memory)>, 'FIELD': [], 'SEPARATE_DISJOINT': True, 'OUTPUT': 'memory:'}
25.04.2023 17:53:33 - [WARNING] - executor.py:171 : Source layer Landuse has 233 items
25.04.2023 17:53:33 - [WARNING] - executor.py:310 : Running algorithm native:extractbyattribute with parameters: {'INPUT': <QgsVectorLayer: 'Landuse' (ogr)>, 'FIELD': 'type', 'OPERATOR': 0, 'VALUE': 'industrial', 'OUTPUT': 'memory:'}
25.04.2023 17:53:33 - [WARNING] - executor.py:201 : Filter went from 233 to 5 features
25.04.2023 17:53:33 - [WARNING] - executor.py:171 : Source layer Waterways has 57 items
25.04.2023 17:53:33 - [WARNING] - executor.py:310 : Running algorithm native:extractbyattribute with parameters: {'INPUT': <QgsVectorLayer: 'Waterways' (ogr)>, 'FIELD': 'type', 'OPERATOR': 0, 'VALUE': 'river', 'OUTPUT': 'memory:'}
25.04.2023 17:53:33 - [WARNING] - executor.py:201 : Filter went from 57 to 3 features
25.04.2023 17:53:33 - [WARNING] - executor.py:171 : Source layer Waterways has 57 items
25.04.2023 17:53:33 - [WARNING] - executor.py:310 : Running algorithm native:extractbyattribute with parameters: {'INPUT': <QgsVectorLayer: 'Waterways' (ogr)>, 'FIELD': 'type', 'OPERATOR': 0, 'VALUE': 'stream', 'OUTPUT': 'memory:'}
25.04.2023 17:53:33 - [WARNING] - executor.py:201 : Filter went from 57 to 41 features
25.04.2023 17:53:33 - [WARNING] - executor.py:171 : Source layer Waterways has 57 items
25.04.2023 17:53:33 - [WARNING] - executor.py:310 : Running algorithm native:extractbyattribute with parameters: {'INPUT': <QgsVectorLayer: 'Waterways' (ogr)>, 'FIELD': 'type', 'OPERATOR': 0, 'VALUE': 'ditch', 'OUTPUT': 'memory:'}
25.04.2023 17:53:33 - [WARNING] - executor.py:201 : Filter went from 57 to 13 features
25.04.2023 17:53:33 - [WARNING] - executor.py:310 : Running algorithm native:union with parameters: {'INPUT': <QgsVectorLayer: 'output' (memory)>, 'OVERLAY': <QgsVectorLayer: 'output' (memory)>, 'OVERLAY_FIELDS_PREFIX': '', 'OUTPUT': 'memory:'}
25.04.2023 17:53:33 - [WARNING] - executor.py:242 : Union result contains 54 features
25.04.2023 17:53:33 - [WARNING] - executor.py:310 : Running algorithm native:union with parameters: {'INPUT': <QgsVectorLayer: 'output' (memory)>, 'OVERLAY': <QgsVectorLayer: 'output' (memory)>, 'OVERLAY_FIELDS_PREFIX': '', 'OUTPUT': 'memory:'}
25.04.2023 17:53:33 - [WARNING] - executor.py:242 : Union result contains 57 features
25.04.2023 17:53:33 - [WARNING] - executor.py:310 : Running algorithm native:dissolve with parameters: {'INPUT': <QgsVectorLayer: 'output' (memory)>, 'FIELD': [], 'SEPARATE_DISJOINT': True, 'OUTPUT': 'memory:'}
25.04.2023 17:53:33 - [WARNING] - executor.py:310 : Running algorithm native:intersection with parameters: {'INPUT': <QgsVectorLayer: 'output' (memory)>, 'OVERLAY': <QgsVectorLayer: 'output' (memory)>, 'INPUT_FIELDS': [], 'OVERLAY_FIELDS': [], 'OVERLAY_FIELDS_PREFIX': '', 'OUTPUT': 'memory:'}
25.04.2023 17:53:33 - [WARNING] - executor.py:270 : Intersection went from 5 to 0 features
25.04.2023 17:59:46 - [WARNING] - executor.py:172 : Source layer Landuse has 233 items
25.04.2023 17:59:46 - [WARNING] - executor.py:323 : Running algorithm native:extractbyattribute with parameters: {'INPUT': <QgsVectorLayer: 'Landuse' (ogr)>, 'FIELD': 'type', 'OPERATOR': 0, 'VALUE': 'industrial', 'OUTPUT': 'memory:'}
25.04.2023 17:59:46 - [WARNING] - executor.py:202 : Filter went from 233 to 5 features
25.04.2023 17:59:46 - [WARNING] - executor.py:172 : Source layer Waterways has 57 items
25.04.2023 17:59:46 - [WARNING] - executor.py:323 : Running algorithm native:extractbyattribute with parameters: {'INPUT': <QgsVectorLayer: 'Waterways' (ogr)>, 'FIELD': 'type', 'OPERATOR': 0, 'VALUE': 'river', 'OUTPUT': 'memory:'}
25.04.2023 17:59:46 - [WARNING] - executor.py:202 : Filter went from 57 to 3 features
25.04.2023 17:59:46 - [WARNING] - executor.py:172 : Source layer Waterways has 57 items
25.04.2023 17:59:46 - [WARNING] - executor.py:323 : Running algorithm native:extractbyattribute with parameters: {'INPUT': <QgsVectorLayer: 'Waterways' (ogr)>, 'FIELD': 'type', 'OPERATOR': 0, 'VALUE': 'stream', 'OUTPUT': 'memory:'}
25.04.2023 17:59:46 - [WARNING] - executor.py:202 : Filter went from 57 to 41 features
25.04.2023 17:59:46 - [WARNING] - executor.py:172 : Source layer Waterways has 57 items
25.04.2023 17:59:46 - [WARNING] - executor.py:323 : Running algorithm native:extractbyattribute with parameters: {'INPUT': <QgsVectorLayer: 'Waterways' (ogr)>, 'FIELD': 'type', 'OPERATOR': 0, 'VALUE': 'ditch', 'OUTPUT': 'memory:'}
25.04.2023 17:59:46 - [WARNING] - executor.py:202 : Filter went from 57 to 13 features
25.04.2023 17:59:46 - [WARNING] - executor.py:323 : Running algorithm native:union with parameters: {'INPUT': <QgsVectorLayer: 'output' (memory)>, 'OVERLAY': <QgsVectorLayer: 'output' (memory)>, 'OVERLAY_FIELDS_PREFIX': '', 'OUTPUT': 'memory:'}
25.04.2023 17:59:46 - [WARNING] - executor.py:243 : Union result contains 54 features
25.04.2023 17:59:46 - [WARNING] - executor.py:323 : Running algorithm native:union with parameters: {'INPUT': <QgsVectorLayer: 'output' (memory)>, 'OVERLAY': <QgsVectorLayer: 'output' (memory)>, 'OVERLAY_FIELDS_PREFIX': '', 'OUTPUT': 'memory:'}
25.04.2023 17:59:46 - [WARNING] - executor.py:243 : Union result contains 57 features
25.04.2023 17:59:46 - [WARNING] - executor.py:323 : Running algorithm native:dissolve with parameters: {'INPUT': <QgsVectorLayer: 'output' (memory)>, 'FIELD': [], 'SEPARATE_DISJOINT': True, 'OUTPUT': 'memory:'}
25.04.2023 17:59:46 - [WARNING] - executor.py:323 : Running algorithm native:extractbylocation with parameters: {'INPUT': <QgsVectorLayer: 'output' (memory)>, 'INTERSECT': <QgsVectorLayer: 'output' (memory)>, 'PREDICATE': [0], 'OUTPUT': 'memory:'}
25.04.2023 17:59:46 - [WARNING] - executor.py:283 : Intersection went from 5 to 1 features
25.04.2023 18:01:15 - [WARNING] - executor.py:172 : Source layer Landuse has 233 items
25.04.2023 18:01:15 - [WARNING] - executor.py:326 : Running algorithm native:extractbyattribute with parameters: {'INPUT': <QgsVectorLayer: 'Landuse' (ogr)>, 'FIELD': 'type', 'OPERATOR': 0, 'VALUE': 'industrial', 'OUTPUT': 'memory:'}
25.04.2023 18:01:15 - [WARNING] - executor.py:202 : Filter went from 233 to 5 features
25.04.2023 18:01:15 - [WARNING] - executor.py:172 : Source layer Waterways has 57 items
25.04.2023 18:01:15 - [WARNING] - executor.py:326 : Running algorithm native:extractbyattribute with parameters: {'INPUT': <QgsVectorLayer: 'Waterways' (ogr)>, 'FIELD': 'type', 'OPERATOR': 0, 'VALUE': 'river', 'OUTPUT': 'memory:'}
25.04.2023 18:01:15 - [WARNING] - executor.py:202 : Filter went from 57 to 3 features
25.04.2023 18:01:15 - [WARNING] - executor.py:172 : Source layer Waterways has 57 items
25.04.2023 18:01:15 - [WARNING] - executor.py:326 : Running algorithm native:extractbyattribute with parameters: {'INPUT': <QgsVectorLayer: 'Waterways' (ogr)>, 'FIELD': 'type', 'OPERATOR': 0, 'VALUE': 'stream', 'OUTPUT': 'memory:'}
25.04.2023 18:01:15 - [WARNING] - executor.py:202 : Filter went from 57 to 41 features
25.04.2023 18:01:15 - [WARNING] - executor.py:172 : Source layer Waterways has 57 items
25.04.2023 18:01:15 - [WARNING] - executor.py:326 : Running algorithm native:extractbyattribute with parameters: {'INPUT': <QgsVectorLayer: 'Waterways' (ogr)>, 'FIELD': 'type', 'OPERATOR': 0, 'VALUE': 'ditch', 'OUTPUT': 'memory:'}
25.04.2023 18:01:15 - [WARNING] - executor.py:202 : Filter went from 57 to 13 features
25.04.2023 18:01:15 - [WARNING] - executor.py:326 : Running algorithm native:union with parameters: {'INPUT': <QgsVectorLayer: 'output' (memory)>, 'OVERLAY': <QgsVectorLayer: 'output' (memory)>, 'OVERLAY_FIELDS_PREFIX': '', 'OUTPUT': 'memory:'}
25.04.2023 18:01:15 - [WARNING] - executor.py:243 : Union result contains 54 features
25.04.2023 18:01:15 - [WARNING] - executor.py:326 : Running algorithm native:union with parameters: {'INPUT': <QgsVectorLayer: 'output' (memory)>, 'OVERLAY': <QgsVectorLayer: 'output' (memory)>, 'OVERLAY_FIELDS_PREFIX': '', 'OUTPUT': 'memory:'}
25.04.2023 18:01:15 - [WARNING] - executor.py:243 : Union result contains 57 features
25.04.2023 18:01:15 - [WARNING] - executor.py:326 : Running algorithm native:dissolve with parameters: {'INPUT': <QgsVectorLayer: 'output' (memory)>, 'FIELD': [], 'SEPARATE_DISJOINT': True, 'OUTPUT': 'memory:'}
25.04.2023 18:01:15 - [WARNING] - executor.py:326 : Running algorithm native:extractbylocation with parameters: {'INPUT': <QgsVectorLayer: 'output' (memory)>, 'INTERSECT': <QgsVectorLayer: 'output' (memory)>, 'PREDICATE': [0], 'OUTPUT': 'memory:'}
25.04.2023 18:01:15 - [WARNING] - executor.py:283 : Intersection went from 5 to 1 features
25.04.2023 18:01:41 - [WARNING] - executor.py:172 : Source layer Buildings has 800 items
25.04.2023 18:01:41 - [WARNING] - executor.py:172 : Source layer Roads has 1284 items
25.04.2023 18:01:41 - [WARNING] - executor.py:326 : Running algorithm native:extractbyattribute with parameters: {'INPUT': <QgsVectorLayer: 'Roads' (ogr)>, 'FIELD': 'type', 'OPERATOR': 0, 'VALUE': 'cycleway', 'OUTPUT': 'memory:'}
25.04.2023 18:01:41 - [WARNING] - executor.py:202 : Filter went from 1284 to 105 features
25.04.2023 18:01:41 - [WARNING] - executor.py:209 : Cannot handle distance unit 6, reprojecting to SWEREF99TM, this will only make sense in Sweden
25.04.2023 18:01:41 - [WARNING] - executor.py:326 : Running algorithm native:reprojectlayer with parameters: {'INPUT': <QgsVectorLayer: 'output' (memory)>, 'TARGET_CRS': <QgsCoordinateReferenceSystem: EPSG:3006>, 'OPERATION': None, 'OUTPUT': 'memory:'}
25.04.2023 18:01:41 - [WARNING] - executor.py:326 : Running algorithm native:buffer with parameters: {'INPUT': <QgsVectorLayer: 'output' (memory)>, 'OUTPUT': 'memory:', 'DISTANCE': 500, 'SEGMENTS': 5, 'END_CAP_STYLE': 0, 'JOIN_STYLE': 0, 'MITER_LIMIT': 2, 'DISSOLVE': False}
25.04.2023 18:01:41 - [WARNING] - executor.py:326 : Running algorithm native:reprojectlayer with parameters: {'INPUT': <QgsVectorLayer: 'output' (memory)>, 'TARGET_CRS': <QgsCoordinateReferenceSystem: EPSG:4326>, 'OPERATION': None, 'OUTPUT': 'memory:'}
25.04.2023 18:01:41 - [WARNING] - executor.py:326 : Running algorithm native:dissolve with parameters: {'INPUT': <QgsVectorLayer: 'output' (memory)>, 'FIELD': [], 'SEPARATE_DISJOINT': True, 'OUTPUT': 'memory:'}
25.04.2023 18:01:41 - [WARNING] - executor.py:326 : Running algorithm native:intersection with parameters: {'INPUT': <QgsVectorLayer: 'Buildings' (ogr)>, 'OVERLAY': <QgsVectorLayer: 'output' (memory)>, 'INPUT_FIELDS': [], 'OVERLAY_FIELDS': [], 'OVERLAY_FIELDS_PREFIX': '', 'OUTPUT': 'memory:'}
25.04.2023 18:01:41 - [WARNING] - executor.py:283 : Intersection went from 800 to 620 features
25.04.2023 18:01:45 - [WARNING] - executor.py:172 : Source layer Buildings has 800 items
25.04.2023 18:01:45 - [WARNING] - executor.py:172 : Source layer Roads has 1284 items
25.04.2023 18:01:45 - [WARNING] - executor.py:326 : Running algorithm native:extractbyattribute with parameters: {'INPUT': <QgsVectorLayer: 'Roads' (ogr)>, 'FIELD': 'type', 'OPERATOR': 0, 'VALUE': 'cycleway', 'OUTPUT': 'memory:'}
25.04.2023 18:01:45 - [WARNING] - executor.py:202 : Filter went from 1284 to 105 features
25.04.2023 18:01:45 - [WARNING] - executor.py:209 : Cannot handle distance unit 6, reprojecting to SWEREF99TM, this will only make sense in Sweden
25.04.2023 18:01:45 - [WARNING] - executor.py:326 : Running algorithm native:reprojectlayer with parameters: {'INPUT': <QgsVectorLayer: 'output' (memory)>, 'TARGET_CRS': <QgsCoordinateReferenceSystem: EPSG:3006>, 'OPERATION': None, 'OUTPUT': 'memory:'}
25.04.2023 18:01:45 - [WARNING] - executor.py:326 : Running algorithm native:buffer with parameters: {'INPUT': <QgsVectorLayer: 'output' (memory)>, 'OUTPUT': 'memory:', 'DISTANCE': 500, 'SEGMENTS': 5, 'END_CAP_STYLE': 0, 'JOIN_STYLE': 0, 'MITER_LIMIT': 2, 'DISSOLVE': False}
25.04.2023 18:01:45 - [WARNING] - executor.py:326 : Running algorithm native:reprojectlayer with parameters: {'INPUT': <QgsVectorLayer: 'output' (memory)>, 'TARGET_CRS': <QgsCoordinateReferenceSystem: EPSG:4326>, 'OPERATION': None, 'OUTPUT': 'memory:'}
25.04.2023 18:01:45 - [WARNING] - executor.py:326 : Running algorithm native:dissolve with parameters: {'INPUT': <QgsVectorLayer: 'output' (memory)>, 'FIELD': [], 'SEPARATE_DISJOINT': True, 'OUTPUT': 'memory:'}
25.04.2023 18:01:45 - [WARNING] - executor.py:326 : Running algorithm native:intersection with parameters: {'INPUT': <QgsVectorLayer: 'Buildings' (ogr)>, 'OVERLAY': <QgsVectorLayer: 'output' (memory)>, 'INPUT_FIELDS': [], 'OVERLAY_FIELDS': [], 'OVERLAY_FIELDS_PREFIX': '', 'OUTPUT': 'memory:'}
25.04.2023 18:01:45 - [WARNING] - executor.py:283 : Intersection went from 800 to 620 features
25.04.2023 18:01:48 - [WARNING] - executor.py:172 : Source layer Buildings has 800 items
25.04.2023 18:01:48 - [WARNING] - executor.py:326 : Running algorithm native:extractbyattribute with parameters: {'INPUT': <QgsVectorLayer: 'Buildings' (ogr)>, 'FIELD': 'type', 'OPERATOR': 0, 'VALUE': 'school', 'OUTPUT': 'memory:'}
25.04.2023 18:01:48 - [WARNING] - executor.py:202 : Filter went from 800 to 9 features
25.04.2023 18:01:53 - [WARNING] - executor.py:172 : Source layer Landuse has 233 items
25.04.2023 18:01:53 - [WARNING] - executor.py:326 : Running algorithm native:extractbyattribute with parameters: {'INPUT': <QgsVectorLayer: 'Landuse' (ogr)>, 'FIELD': 'type', 'OPERATOR': 0, 'VALUE': 'industrial', 'OUTPUT': 'memory:'}
25.04.2023 18:01:53 - [WARNING] - executor.py:202 : Filter went from 233 to 5 features
25.04.2023 18:01:53 - [WARNING] - executor.py:172 : Source layer Waterways has 57 items
25.04.2023 18:01:53 - [WARNING] - executor.py:326 : Running algorithm native:extractbyattribute with parameters: {'INPUT': <QgsVectorLayer: 'Waterways' (ogr)>, 'FIELD': 'type', 'OPERATOR': 0, 'VALUE': 'river', 'OUTPUT': 'memory:'}
25.04.2023 18:01:53 - [WARNING] - executor.py:202 : Filter went from 57 to 3 features
25.04.2023 18:01:53 - [WARNING] - executor.py:172 : Source layer Waterways has 57 items
25.04.2023 18:01:53 - [WARNING] - executor.py:326 : Running algorithm native:extractbyattribute with parameters: {'INPUT': <QgsVectorLayer: 'Waterways' (ogr)>, 'FIELD': 'type', 'OPERATOR': 0, 'VALUE': 'stream', 'OUTPUT': 'memory:'}
25.04.2023 18:01:53 - [WARNING] - executor.py:202 : Filter went from 57 to 41 features
25.04.2023 18:01:53 - [WARNING] - executor.py:172 : Source layer Waterways has 57 items
25.04.2023 18:01:53 - [WARNING] - executor.py:326 : Running algorithm native:extractbyattribute with parameters: {'INPUT': <QgsVectorLayer: 'Waterways' (ogr)>, 'FIELD': 'type', 'OPERATOR': 0, 'VALUE': 'ditch', 'OUTPUT': 'memory:'}
25.04.2023 18:01:53 - [WARNING] - executor.py:202 : Filter went from 57 to 13 features
25.04.2023 18:01:53 - [WARNING] - executor.py:326 : Running algorithm native:union with parameters: {'INPUT': <QgsVectorLayer: 'output' (memory)>, 'OVERLAY': <QgsVectorLayer: 'output' (memory)>, 'OVERLAY_FIELDS_PREFIX': '', 'OUTPUT': 'memory:'}
25.04.2023 18:01:53 - [WARNING] - executor.py:243 : Union result contains 54 features
25.04.2023 18:01:53 - [WARNING] - executor.py:326 : Running algorithm native:union with parameters: {'INPUT': <QgsVectorLayer: 'output' (memory)>, 'OVERLAY': <QgsVectorLayer: 'output' (memory)>, 'OVERLAY_FIELDS_PREFIX': '', 'OUTPUT': 'memory:'}
25.04.2023 18:01:53 - [WARNING] - executor.py:243 : Union result contains 57 features
25.04.2023 18:01:53 - [WARNING] - executor.py:326 : Running algorithm native:dissolve with parameters: {'INPUT': <QgsVectorLayer: 'output' (memory)>, 'FIELD': [], 'SEPARATE_DISJOINT': True, 'OUTPUT': 'memory:'}
25.04.2023 18:01:53 - [WARNING] - executor.py:326 : Running algorithm native:extractbylocation with parameters: {'INPUT': <QgsVectorLayer: 'output' (memory)>, 'INTERSECT': <QgsVectorLayer: 'output' (memory)>, 'PREDICATE': [0], 'OUTPUT': 'memory:'}
25.04.2023 18:01:53 - [WARNING] - executor.py:283 : Intersection went from 5 to 1 features
25.04.2023 18:03:53 - [WARNING] - executor.py:173 : Source layer Landuse has 233 items
25.04.2023 18:03:53 - [WARNING] - executor.py:329 : Running algorithm native:extractbyattribute with parameters: {'INPUT': <QgsVectorLayer: 'Landuse' (ogr)>, 'FIELD': 'type', 'OPERATOR': 0, 'VALUE': 'industrial', 'OUTPUT': 'memory:'}
25.04.2023 18:03:53 - [WARNING] - executor.py:203 : Filter went from 233 to 5 features
25.04.2023 18:03:53 - [WARNING] - executor.py:173 : Source layer Waterways has 57 items
25.04.2023 18:03:53 - [WARNING] - executor.py:329 : Running algorithm native:extractbyattribute with parameters: {'INPUT': <QgsVectorLayer: 'Waterways' (ogr)>, 'FIELD': 'type', 'OPERATOR': 0, 'VALUE': 'river', 'OUTPUT': 'memory:'}
25.04.2023 18:03:53 - [WARNING] - executor.py:203 : Filter went from 57 to 3 features
25.04.2023 18:03:53 - [WARNING] - executor.py:173 : Source layer Waterways has 57 items
25.04.2023 18:03:53 - [WARNING] - executor.py:329 : Running algorithm native:extractbyattribute with parameters: {'INPUT': <QgsVectorLayer: 'Waterways' (ogr)>, 'FIELD': 'type', 'OPERATOR': 0, 'VALUE': 'stream', 'OUTPUT': 'memory:'}
25.04.2023 18:03:53 - [WARNING] - executor.py:203 : Filter went from 57 to 41 features
25.04.2023 18:03:53 - [WARNING] - executor.py:173 : Source layer Waterways has 57 items
25.04.2023 18:03:53 - [WARNING] - executor.py:329 : Running algorithm native:extractbyattribute with parameters: {'INPUT': <QgsVectorLayer: 'Waterways' (ogr)>, 'FIELD': 'type', 'OPERATOR': 0, 'VALUE': 'ditch', 'OUTPUT': 'memory:'}
25.04.2023 18:03:53 - [WARNING] - executor.py:203 : Filter went from 57 to 13 features
25.04.2023 18:03:53 - [WARNING] - executor.py:329 : Running algorithm native:union with parameters: {'INPUT': <QgsVectorLayer: 'output' (memory)>, 'OVERLAY': <QgsVectorLayer: 'output' (memory)>, 'OVERLAY_FIELDS_PREFIX': '', 'OUTPUT': 'memory:'}
25.04.2023 18:03:53 - [WARNING] - executor.py:244 : Union result contains 54 features
25.04.2023 18:03:53 - [WARNING] - executor.py:329 : Running algorithm native:union with parameters: {'INPUT': <QgsVectorLayer: 'output' (memory)>, 'OVERLAY': <QgsVectorLayer: 'output' (memory)>, 'OVERLAY_FIELDS_PREFIX': '', 'OUTPUT': 'memory:'}
25.04.2023 18:03:53 - [WARNING] - executor.py:244 : Union result contains 57 features
25.04.2023 18:03:53 - [WARNING] - executor.py:329 : Running algorithm native:dissolve with parameters: {'INPUT': <QgsVectorLayer: 'output' (memory)>, 'FIELD': [], 'SEPARATE_DISJOINT': True, 'OUTPUT': 'memory:'}
25.04.2023 18:03:53 - [WARNING] - executor.py:329 : Running algorithm native:extractbylocation with parameters: {'INPUT': <QgsVectorLayer: 'output' (memory)>, 'INTERSECT': <QgsVectorLayer: 'output' (memory)>, 'PREDICATE': [0], 'OUTPUT': 'memory:'}
25.04.2023 18:03:53 - [WARNING] - executor.py:284 : Intersection went from 5 to 1 features
25.04.2023 23:19:04 - [WARNING] - executor.py:173 : Source layer Landuse has 233 items
25.04.2023 23:19:04 - [WARNING] - executor.py:331 : Running algorithm native:extractbyattribute with parameters: {'INPUT': <QgsVectorLayer: 'Landuse' (ogr)>, 'FIELD': 'type', 'OPERATOR': 0, 'VALUE': 'industrial', 'OUTPUT': 'memory:'}
25.04.2023 23:19:04 - [WARNING] - executor.py:203 : Filter went from 233 to 5 features
25.04.2023 23:19:04 - [WARNING] - executor.py:173 : Source layer Waterways has 57 items
25.04.2023 23:19:04 - [WARNING] - executor.py:331 : Running algorithm native:extractbyattribute with parameters: {'INPUT': <QgsVectorLayer: 'Waterways' (ogr)>, 'FIELD': 'type', 'OPERATOR': 0, 'VALUE': 'river', 'OUTPUT': 'memory:'}
25.04.2023 23:19:04 - [WARNING] - executor.py:203 : Filter went from 57 to 3 features
25.04.2023 23:19:04 - [WARNING] - executor.py:173 : Source layer Waterways has 57 items
25.04.2023 23:19:04 - [WARNING] - executor.py:331 : Running algorithm native:extractbyattribute with parameters: {'INPUT': <QgsVectorLayer: 'Waterways' (ogr)>, 'FIELD': 'type', 'OPERATOR': 0, 'VALUE': 'stream', 'OUTPUT': 'memory:'}
25.04.2023 23:19:04 - [WARNING] - executor.py:203 : Filter went from 57 to 41 features
25.04.2023 23:19:04 - [WARNING] - executor.py:173 : Source layer Waterways has 57 items
25.04.2023 23:19:04 - [WARNING] - executor.py:331 : Running algorithm native:extractbyattribute with parameters: {'INPUT': <QgsVectorLayer: 'Waterways' (ogr)>, 'FIELD': 'type', 'OPERATOR': 0, 'VALUE': 'ditch', 'OUTPUT': 'memory:'}
25.04.2023 23:19:04 - [WARNING] - executor.py:203 : Filter went from 57 to 13 features
25.04.2023 23:19:04 - [WARNING] - executor.py:331 : Running algorithm native:union with parameters: {'INPUT': <QgsVectorLayer: 'output' (memory)>, 'OVERLAY': <QgsVectorLayer: 'output' (memory)>, 'OVERLAY_FIELDS_PREFIX': '', 'OUTPUT': 'memory:'}
25.04.2023 23:19:04 - [WARNING] - executor.py:244 : Union result contains 54 features
25.04.2023 23:19:04 - [WARNING] - executor.py:331 : Running algorithm native:union with parameters: {'INPUT': <QgsVectorLayer: 'output' (memory)>, 'OVERLAY': <QgsVectorLayer: 'output' (memory)>, 'OVERLAY_FIELDS_PREFIX': '', 'OUTPUT': 'memory:'}
25.04.2023 23:19:04 - [WARNING] - executor.py:244 : Union result contains 57 features
25.04.2023 23:19:04 - [WARNING] - executor.py:331 : Running algorithm native:dissolve with parameters: {'INPUT': <QgsVectorLayer: 'output' (memory)>, 'FIELD': [], 'SEPARATE_DISJOINT': True, 'OUTPUT': 'memory:'}
25.04.2023 23:19:04 - [WARNING] - executor.py:331 : Running algorithm native:extractbylocation with parameters: {'INPUT': <QgsVectorLayer: 'output' (memory)>, 'INTERSECT': <QgsVectorLayer: 'output' (memory)>, 'PREDICATE': [0], 'OUTPUT': 'memory:'}
25.04.2023 23:19:04 - [WARNING] - executor.py:284 : Intersection went from 5 to 1 features
